04:17:15 INFO: Warehouse initialization | grid=10x20, physical=23x25, num_skus=4000, num_robots=20, num_ws=4
04:17:15 INFO: Warehouse initialized | 200 pods  (average number of skus per pod = 21.91), 4 workstations, 20 robots
04:17:15 INFO: [OptManager] Building time-space network ...
04:17:16 INFO: [OptManager] Network ready: 20400 nodes, 157086 travelling arcs, 20196 idle arcs.
04:17:16 INFO: 
=============================================
04:17:16 INFO:   START SIMULATION  {TIME HORIZON = 02:00:00}
04:17:16 INFO: Solving stage 1 ... 
04:17:16 INFO: 
[ls_stage1] Building initial solution ...
04:17:16 INFO: [ls_stage1] Feasible initial solution: obj = 180.0000
04:17:18 INFO: [ls_stage1] Iter 1 : Improved with move ('swap', 76, 87) → 178.0000
04:17:21 INFO: [ls_stage1] Iter 2 : Improved with move ('moveto', 85, 2) → 176.0000
04:17:23 INFO: [ls_stage1] Iter 3 : Improved with move ('swap', 38, 44) → 173.0000
04:17:25 INFO: [ls_stage1] Iter 4 : Improved with move ('moveto', 35, 2) → 172.0000
04:17:27 INFO: [ls_stage1] Iter 5 : Improved with move ('swap', 3, 36) → 171.0000
04:17:30 INFO: [ls_stage1] Iter 6 : Improved with move ('swap', 5, 43) → 169.0000
04:17:32 INFO: [ls_stage1] Iter 7 : Improved with move ('swap', 54, 95) → 168.0000
04:17:34 INFO: [ls_stage1] Iter 8 : Improved with move ('swap', 23, 70) → 166.0000
04:17:37 INFO: [ls_stage1] Iter 9 : Improved with move ('swap', 7, 49) → 165.0000
04:17:39 INFO: [ls_stage1] Iter 10 : Improved with move ('repod', 8, 53) → 164.0000
04:17:41 INFO: [ls_stage1] Iter 11 : Improved with move ('swap', 59, 102) → 163.0000
04:17:43 INFO: [ls_stage1] Iter 12 : No improvement
04:17:46 INFO: [ls_stage1] Iter 13 : No improvement
04:17:48 INFO: [ls_stage1] Iter 14 : No improvement
04:17:50 INFO: [ls_stage1] Iter 15 : No improvement
04:17:53 INFO: [ls_stage1] Iter 16 : Improved with move ('swap', 101, 102) → 162.0000
04:17:55 INFO: [ls_stage1] Iter 17 : Improved with move ('swap', 24, 76) → 161.0000
04:17:57 INFO: [ls_stage1] Iter 18 : Improved with move ('swap', 61, 86) → 160.0000
04:18:00 INFO: [ls_stage1] Iter 19 : No improvement
04:18:02 INFO: [ls_stage1] Iter 20 : No improvement
04:18:04 INFO: [ls_stage1] Iter 21 : No improvement
04:18:07 INFO: [ls_stage1] Iter 22 : No improvement
04:18:09 INFO: [ls_stage1] Converged after 5 iters without improvement
04:18:09 INFO: Stage 1 solved.
04:18:09 INFO: Solving stage 2 ... 
04:18:09 INFO: 
[ls_stage2] Building initial solution ...
04:19:36 INFO: [ls_stage2] Feasible initial solution: obj = 192.0007
04:21:04 INFO: [ls_stage2] Iter 1 : Improved with move ('swap', 46, 102) → 192.2807
04:22:33 INFO: [ls_stage2] Iter 2 : Improved with move ('item', 12, -5) → 192.4423
04:24:02 INFO: [ls_stage2] Iter 3 : Improved with move ('swap', 39, 102) → 192.6937
04:25:31 INFO: [ls_stage2] Iter 4 : Improved with move ('swap', 100, 103) → 193.0217
04:26:59 INFO: [ls_stage2] Iter 5 : Improved with move ('item', 125, -5) → 193.1333
04:28:30 INFO: [ls_stage2] Iter 6 : Improved with move ('multi_item', (np.int64(202), np.int64(55)), -4) → 193.3413
04:29:58 INFO: [ls_stage2] Iter 7 : Improved with move ('item', 111, -5) → 193.5230
04:31:26 INFO: [ls_stage2] Iter 8 : Improved with move ('swap', 81, 101) → 193.6990
04:32:54 INFO: [ls_stage2] Iter 9 : Improved with move ('item', 153, -5) → 193.8673
04:34:23 INFO: [ls_stage2] Iter 10 : Improved with move ('item', 204, -5) → 193.9957
04:35:52 INFO: [ls_stage2] Iter 11 : Improved with move ('item', 55, -5) → 194.1423
04:37:21 INFO: [ls_stage2] Iter 12 : Improved with move ('order', 63, -3) → 194.2393
04:38:49 INFO: [ls_stage2] Iter 13 : Improved with move ('item', 32, -5) → 194.3410
04:40:17 INFO: [ls_stage2] Iter 14 : Improved with move ('order', 15, -3) → 194.4310
04:41:46 INFO: [ls_stage2] Iter 15 : Improved with move ('swap', 9, 104) → 195.0750
04:43:21 INFO: [ls_stage2] Iter 16 : Improved with move ('item', 120, -5) → 195.2317
04:44:49 INFO: [ls_stage2] Iter 17 : Improved with move ('item', 55, -5) → 195.3700
04:46:17 INFO: [ls_stage2] Iter 18 : Improved with move ('multi_item', (np.int64(43), np.int64(164), np.int64(98)), -4) → 195.5620
04:47:46 INFO: [ls_stage2] Iter 19 : Improved with move ('multi_item', (np.int64(94), np.int64(121), np.int64(254)), -4) → 195.6980
04:49:15 INFO: [ls_stage2] Iter 20 No improvement
04:49:15 INFO: [ls_stage2] Iter 21 No improvement
04:49:15 INFO: [ls_stage2] Iter 22 No improvement
04:49:15 INFO: [ls_stage2] Iter 23 No improvement
04:49:15 INFO: [ls_stage2] Converged after 5 iters without improvement
04:49:15 INFO: Stage 2 solved.
04:49:20 WARNING: Task designing ended. Optimizer designed 204 tasks.
04:49:20 INFO: Solving stage 1 ... 
04:49:20 INFO: 
[ls_stage1] Building initial solution ...
04:49:20 INFO: [ls_stage1] Feasible initial solution: obj = 200.0000
04:49:23 INFO: [ls_stage1] Iter 1 : Improved with move ('swap', 60, 73) → 199.0000
04:49:25 INFO: [ls_stage1] Iter 2 : Improved with move ('swap', 51, 76) → 198.0000
04:49:28 INFO: [ls_stage1] Iter 3 : Improved with move ('swap', 6, 139) → 196.0000
04:49:31 INFO: [ls_stage1] Iter 4 : Improved with move ('swap', 53, 58) → 195.0000
04:49:33 INFO: [ls_stage1] Iter 5 : Improved with move ('swap', 20, 87) → 194.0000
04:49:36 INFO: [ls_stage1] Iter 6 : Improved with move ('swap', 17, 131) → 193.0000
04:49:38 INFO: [ls_stage1] Iter 7 : Improved with move ('swap', 120, 137) → 192.0000
04:49:41 INFO: [ls_stage1] Iter 8 : Improved with move ('swap', 0, 137) → 191.0000
04:49:44 INFO: [ls_stage1] Iter 9 : Improved with move ('swap', 62, 84) → 189.0000
04:49:46 INFO: [ls_stage1] Iter 10 : Improved with move ('swap', 3, 70) → 188.0000
04:49:49 INFO: [ls_stage1] Iter 11 : Improved with move ('swap', 61, 105) → 187.0000
04:49:51 INFO: [ls_stage1] Iter 12 : Improved with move ('repod', 221, 142) → 186.0000
04:49:54 INFO: [ls_stage1] Iter 13 : Improved with move ('swap', 85, 105) → 185.0000
04:49:57 INFO: [ls_stage1] Iter 14 : Improved with move ('moveto', 47, 2) → 184.0000
04:49:59 INFO: [ls_stage1] Iter 15 : Improved with move ('swap', 11, 59) → 182.0000
04:50:02 INFO: [ls_stage1] Iter 16 : Improved with move ('swap', 22, 74) → 181.0000
04:50:04 INFO: [ls_stage1] Iter 17 : Improved with move ('swap', 26, 90) → 180.0000
04:50:07 INFO: [ls_stage1] Iter 18 : No improvement
04:50:10 INFO: [ls_stage1] Iter 19 : No improvement
04:50:12 INFO: [ls_stage1] Iter 20 : No improvement
04:50:15 INFO: [ls_stage1] Iter 21 : No improvement
04:50:17 INFO: [ls_stage1] Converged after 5 iters without improvement
04:50:17 INFO: Stage 1 solved.
04:50:17 INFO: Solving stage 2 ... 
04:50:17 INFO: 
[ls_stage2] Building initial solution ...
04:51:52 INFO: [ls_stage2] Feasible initial solution: obj = -896.6833
04:53:27 INFO: [ls_stage2] Iter 1 : Improved with move ('swap', 132, 61) → -886.5077
04:55:04 INFO: [ls_stage2] Iter 2 : Improved with move ('swap', 131, 34) → -874.2297
04:56:40 INFO: [ls_stage2] Iter 3 : Improved with move ('swap', 47, 124) → -861.3310
04:58:17 INFO: [ls_stage2] Iter 4 : Improved with move ('swap', 6, 121) → -853.8710
04:59:53 INFO: [ls_stage2] Iter 5 : Improved with move ('swap', 2, 112) → -846.2977
05:01:29 INFO: [ls_stage2] Iter 6 : Improved with move ('swap', 131, 26) → -838.0810
05:03:05 INFO: [ls_stage2] Iter 7 : Improved with move ('swap', 89, 126) → -830.3577
05:04:42 INFO: [ls_stage2] Iter 8 : Improved with move ('swap', 25, 83) → -823.7910
05:06:18 INFO: [ls_stage2] Iter 9 : Improved with move ('swap', 138, 53) → -813.8330
05:07:54 INFO: [ls_stage2] Iter 10 : Improved with move ('swap', 22, 119) → -805.8350
05:09:30 INFO: [ls_stage2] Iter 11 : Improved with move ('swap', 46, 109) → -796.9520
05:11:07 INFO: [ls_stage2] Iter 12 : Improved with move ('swap', 16, 87) → -793.4173
05:12:43 INFO: [ls_stage2] Iter 13 : Improved with move ('swap', 26, 81) → -787.0013
05:14:19 INFO: [ls_stage2] Iter 14 : Improved with move ('swap', 136, 84) → -776.5270
05:15:56 INFO: [ls_stage2] Iter 15 : Improved with move ('swap', 51, 110) → -763.3520
05:17:32 INFO: [ls_stage2] Iter 16 : Improved with move ('swap', 129, 60) → -755.9600
05:19:08 INFO: [ls_stage2] Iter 17 No improvement
05:19:08 INFO: [ls_stage2] Iter 18 No improvement
05:19:08 INFO: [ls_stage2] Iter 19 No improvement
05:19:08 INFO: [ls_stage2] Iter 20 No improvement
05:19:09 INFO: [ls_stage2] Converged after 5 iters without improvement
05:19:09 INFO: Stage 2 solved.
05:19:14 WARNING: Task designing ended. Optimizer designed 250 tasks.
05:19:14 INFO: Solving stage 1 ... 
05:19:14 INFO: 
[ls_stage1] Building initial solution ...
05:19:16 INFO: [ls_stage1] Feasible initial solution: obj = 237.0000
05:19:19 INFO: [ls_stage1] Iter 1 : Improved with move ('swap', 16, 38) → 233.0000
05:19:22 INFO: [ls_stage1] Iter 2 : Improved with move ('swap', 36, 53) → 231.0000
05:19:25 INFO: [ls_stage1] Iter 3 : Improved with move ('swap', 45, 153) → 230.0000
05:19:28 INFO: [ls_stage1] Iter 4 : Improved with move ('swap', 137, 148) → 228.0000
05:19:31 INFO: [ls_stage1] Iter 5 : Improved with move ('swap', 12, 81) → 226.0000
05:19:34 INFO: [ls_stage1] Iter 6 : Improved with move ('swap', 29, 165) → 225.0000
05:19:37 INFO: [ls_stage1] Iter 7 : Improved with move ('swap', 37, 90) → 224.0000
05:19:40 INFO: [ls_stage1] Iter 8 : Improved with move ('swap', 99, 105) → 223.0000
05:19:43 INFO: [ls_stage1] Iter 9 : Improved with move ('swap', 64, 159) → 222.0000
05:19:46 INFO: [ls_stage1] Iter 10 : Improved with move ('swap', 65, 144) → 221.0000
05:19:49 INFO: [ls_stage1] Iter 11 : Improved with move ('swap', 30, 147) → 220.0000
05:19:52 INFO: [ls_stage1] Iter 12 : Improved with move ('swap', 14, 76) → 218.0000
05:19:55 INFO: [ls_stage1] Iter 13 : Improved with move ('swap', 49, 88) → 217.0000
05:19:58 INFO: [ls_stage1] Iter 14 : Improved with move ('swap', 117, 137) → 216.0000
05:20:02 INFO: [ls_stage1] Iter 15 : Improved with move ('swap', 77, 111) → 215.0000
05:20:05 INFO: [ls_stage1] Iter 16 : Improved with move ('swap', 15, 150) → 214.0000
05:20:08 INFO: [ls_stage1] Iter 17 : No improvement
05:20:11 INFO: [ls_stage1] Iter 18 : Improved with move ('swap', 48, 140) → 213.0000
05:20:14 INFO: [ls_stage1] Iter 19 : Improved with move ('swap', 98, 114) → 212.0000
05:20:17 INFO: [ls_stage1] Iter 20 : Improved with move ('swap', 7, 63) → 211.0000
05:20:20 INFO: [ls_stage1] Iter 21 : Improved with move ('swap', 3, 48) → 210.0000
05:20:23 INFO: [ls_stage1] Iter 22 : No improvement
05:20:26 INFO: [ls_stage1] Iter 23 : No improvement
05:20:29 INFO: [ls_stage1] Iter 24 : Improved with move ('swap', 97, 164) → 209.0000
05:20:32 INFO: [ls_stage1] Iter 25 : No improvement
05:20:35 INFO: [ls_stage1] Iter 26 : No improvement
05:20:38 INFO: [ls_stage1] Iter 27 : No improvement
05:20:41 INFO: [ls_stage1] Iter 28 : Improved with move ('repod', 98, 134) → 208.0000
05:20:44 INFO: [ls_stage1] Iter 29 : No improvement
05:20:48 INFO: [ls_stage1] Iter 30 : No improvement
05:20:48 INFO: Stage 1 solved.
05:20:48 INFO: Solving stage 2 ... 
05:20:48 INFO: 
[ls_stage2] Building initial solution ...
05:22:36 INFO: [ls_stage2] Feasible initial solution: obj = -2063.1447
05:24:25 INFO: [ls_stage2] Iter 1 : Improved with move ('swap', 5, 74) → -2046.5533
05:26:16 INFO: [ls_stage2] Iter 2 : Improved with move ('swap', 9, 162) → -2028.5573
05:28:06 INFO: [ls_stage2] Iter 3 No improvement
05:28:07 INFO: [ls_stage2] Iter 4 No improvement
05:28:07 INFO: [ls_stage2] Iter 5 No improvement
05:28:07 INFO: [ls_stage2] Iter 6 No improvement
05:28:07 INFO: [ls_stage2] Converged after 5 iters without improvement
05:28:07 INFO: Stage 2 solved.
05:28:13 WARNING: Task designing ended. Optimizer designed 275 tasks.
05:28:13 INFO: Solving stage 1 ... 
05:28:13 INFO: 
[ls_stage1] Building initial solution ...
05:28:14 INFO: [ls_stage1] Feasible initial solution: obj = 262.0000
05:28:17 INFO: [ls_stage1] Iter 1 : Improved with move ('swap', 26, 115) → 260.0000
05:28:21 INFO: [ls_stage1] Iter 2 : Improved with move ('swap', 71, 78) → 257.0000
05:28:24 INFO: [ls_stage1] Iter 3 : Improved with move ('swap', 100, 143) → 255.0000
05:28:28 INFO: [ls_stage1] Iter 4 : Improved with move ('swap', 25, 39) → 251.0000
05:28:32 INFO: [ls_stage1] Iter 5 : Improved with move ('swap', 69, 155) → 249.0000
05:28:37 INFO: [ls_stage1] Iter 6 : Improved with move ('swap', 16, 147) → 247.0000
05:28:41 INFO: [ls_stage1] Iter 7 : Improved with move ('swap', 17, 139) → 245.0000
05:28:46 INFO: [ls_stage1] Iter 8 : Improved with move ('swap', 105, 158) → 244.0000
05:28:50 INFO: [ls_stage1] Iter 9 : Improved with move ('swap', 135, 189) → 243.0000
05:28:55 INFO: [ls_stage1] Iter 10 : Improved with move ('moveto', 43, 1) → 242.0000
05:28:59 INFO: [ls_stage1] Iter 11 : Improved with move ('swap', 38, 145) → 241.0000
05:29:03 INFO: [ls_stage1] Iter 12 : Improved with move ('swap', 103, 161) → 240.0000
05:29:08 INFO: [ls_stage1] Iter 13 : Improved with move ('swap', 2, 12) → 239.0000
05:29:12 INFO: [ls_stage1] Iter 14 : No improvement
05:29:17 INFO: [ls_stage1] Iter 15 : Improved with move ('swap', 19, 77) → 238.0000
05:29:21 INFO: [ls_stage1] Iter 16 : Improved with move ('swap', 28, 81) → 237.0000
05:29:26 INFO: [ls_stage1] Iter 17 : Improved with move ('swap', 1, 85) → 236.0000
05:29:30 INFO: [ls_stage1] Iter 18 : Improved with move ('swap', 140, 179) → 235.0000
05:29:35 INFO: [ls_stage1] Iter 19 : Improved with move ('swap', 73, 93) → 234.0000
05:29:39 INFO: [ls_stage1] Iter 20 : Improved with move ('swap', 16, 65) → 233.0000
05:29:43 INFO: [ls_stage1] Iter 21 : Improved with move ('swap', 103, 118) → 232.0000
05:29:48 INFO: [ls_stage1] Iter 22 : No improvement
05:29:52 INFO: [ls_stage1] Iter 23 : Improved with move ('moveto', 117, 1) → 231.0000
05:29:57 INFO: [ls_stage1] Iter 24 : No improvement
05:30:01 INFO: [ls_stage1] Iter 25 : No improvement
05:30:06 INFO: [ls_stage1] Iter 26 : No improvement
05:30:10 INFO: [ls_stage1] Iter 27 : Improved with move ('repod', 234, 53) → 230.0000
05:30:14 INFO: [ls_stage1] Iter 28 : No improvement
05:30:19 INFO: [ls_stage1] Iter 29 : No improvement
05:30:23 INFO: [ls_stage1] Iter 30 : No improvement
05:30:23 INFO: Stage 1 solved.
05:30:23 INFO: Solving stage 2 ... 
05:30:23 INFO: 
[ls_stage2] Building initial solution ...
05:32:16 INFO: [ls_stage2] Feasible initial solution: obj = -3447.7130
05:34:10 INFO: [ls_stage2] Iter 1 : Improved with move ('swap', 4, 37) → -3430.9027
05:36:05 INFO: [ls_stage2] Iter 2 : Improved with move ('swap', 170, 71) → -3409.3460
05:38:00 INFO: [ls_stage2] Iter 3 : Improved with move ('swap', 1, 95) → -3397.0340
05:39:54 INFO: [ls_stage2] Iter 4 No improvement
05:39:55 INFO: [ls_stage2] Iter 5 No improvement
05:39:55 INFO: [ls_stage2] Iter 6 No improvement
05:39:55 INFO: [ls_stage2] Iter 7 No improvement
05:39:55 INFO: [ls_stage2] Converged after 5 iters without improvement
05:39:55 INFO: Stage 2 solved.
05:40:02 WARNING: Task designing ended. Optimizer designed 272 tasks.
05:40:02 INFO: Task 548 got stuck at workstation 0 -> heading to the pod storage location.
05:40:02 INFO: Solving stage 1 ... 
05:40:02 INFO: 
[ls_stage1] Building initial solution ...
05:40:03 INFO: [ls_stage1] Feasible initial solution: obj = 263.0000
05:40:07 INFO: [ls_stage1] Iter 1 : Improved with move ('swap', 12, 211) → 260.0000
05:40:11 INFO: [ls_stage1] Iter 2 : Improved with move ('swap', 161, 207) → 257.0000
05:40:15 INFO: [ls_stage1] Iter 3 : Improved with move ('swap', 7, 25) → 255.0000
05:40:19 INFO: [ls_stage1] Iter 4 : Improved with move ('swap', 82, 217) → 253.0000
05:40:22 INFO: [ls_stage1] Iter 5 : No improvement
05:40:26 INFO: [ls_stage1] Iter 6 : Improved with move ('swap', 31, 102) → 251.0000
05:40:30 INFO: [ls_stage1] Iter 7 : Improved with move ('swap', 10, 186) → 250.0000
05:40:34 INFO: [ls_stage1] Iter 8 : Improved with move ('swap', 43, 99) → 249.0000
05:40:38 INFO: [ls_stage1] Iter 9 : Improved with move ('swap', 184, 199) → 248.0000
05:40:42 INFO: [ls_stage1] Iter 10 : Improved with move ('swap', 24, 33) → 247.0000
05:40:46 INFO: [ls_stage1] Iter 11 : Improved with move ('swap', 54, 136) → 246.0000
05:40:49 INFO: [ls_stage1] Iter 12 : Improved with move ('swap', 11, 117) → 245.0000
05:40:53 INFO: [ls_stage1] Iter 13 : Improved with move ('swap', 48, 192) → 244.0000
05:40:57 INFO: [ls_stage1] Iter 14 : Improved with move ('swap', 97, 102) → 243.0000
05:41:01 INFO: [ls_stage1] Iter 15 : Improved with move ('swap', 2, 182) → 241.0000
05:41:04 INFO: [ls_stage1] Iter 16 : No improvement
05:41:08 INFO: [ls_stage1] Iter 17 : Improved with move ('swap', 121, 148) → 240.0000
05:41:12 INFO: [ls_stage1] Iter 18 : No improvement
05:41:16 INFO: [ls_stage1] Iter 19 : No improvement
05:41:19 INFO: [ls_stage1] Iter 20 : No improvement
05:41:23 INFO: [ls_stage1] Iter 21 : No improvement
05:41:27 INFO: [ls_stage1] Converged after 5 iters without improvement
05:41:27 INFO: Stage 1 solved.
05:41:27 INFO: Solving stage 2 ... 
05:41:27 INFO: 
[ls_stage2] Building initial solution ...
05:43:23 INFO: [ls_stage2] Feasible initial solution: obj = -4650.1270
05:45:21 INFO: [ls_stage2] Iter 1 : Improved with move ('swap', 29, 210) → -4625.6470
05:47:19 INFO: [ls_stage2] Iter 2 : Improved with move ('swap', 13, 58) → -4591.5550
05:49:17 INFO: [ls_stage2] Iter 3 : Improved with move ('swap', 4, 114) → -4562.2883
05:51:15 INFO: [ls_stage2] Iter 4 : Improved with move ('swap', 27, 200) → -4521.5883
05:53:13 INFO: [ls_stage2] Iter 5 No improvement
05:53:13 INFO: [ls_stage2] Iter 6 No improvement
05:53:13 INFO: [ls_stage2] Iter 7 No improvement
05:53:13 INFO: [ls_stage2] Iter 8 No improvement
05:53:13 INFO: [ls_stage2] Converged after 5 iters without improvement
05:53:13 INFO: Stage 2 solved.
05:53:20 WARNING: Task designing ended. Optimizer designed 275 tasks.
05:53:20 INFO: Solving stage 1 ... 
05:53:20 INFO: 
[ls_stage1] Building initial solution ...
05:53:20 INFO: [ls_stage1] Feasible initial solution: obj = 274.0000
05:53:24 INFO: [ls_stage1] Iter 1 : Improved with move ('swap', 161, 234) → 272.0000
05:53:29 INFO: [ls_stage1] Iter 2 : Improved with move ('swap', 148, 149) → 270.0000
05:53:33 INFO: [ls_stage1] Iter 3 : Improved with move ('swap', 50, 66) → 269.0000
05:53:37 INFO: [ls_stage1] Iter 4 : Improved with move ('swap', 0, 135) → 268.0000
05:53:41 INFO: [ls_stage1] Iter 5 : Improved with move ('swap', 178, 236) → 266.0000
05:53:45 INFO: [ls_stage1] Iter 6 : Improved with move ('moveto', 8, 1) → 265.0000
05:53:50 INFO: [ls_stage1] Iter 7 : Improved with move ('swap', 99, 117) → 263.0000
05:53:54 INFO: [ls_stage1] Iter 8 : Improved with move ('swap', 45, 150) → 262.0000
05:53:58 INFO: [ls_stage1] Iter 9 : Improved with move ('swap', 169, 198) → 261.0000
05:54:02 INFO: [ls_stage1] Iter 10 : Improved with move ('swap', 46, 224) → 260.0000
05:54:06 INFO: [ls_stage1] Iter 11 : Improved with move ('swap', 37, 52) → 259.0000
05:54:11 INFO: [ls_stage1] Iter 12 : Improved with move ('swap', 42, 189) → 258.0000
05:54:15 INFO: [ls_stage1] Iter 13 : Improved with move ('swap', 10, 29) → 257.0000
05:54:19 INFO: [ls_stage1] Iter 14 : Improved with move ('swap', 44, 248) → 256.0000
05:54:24 INFO: [ls_stage1] Iter 15 : Improved with move ('swap', 177, 199) → 255.0000
05:54:28 INFO: [ls_stage1] Iter 16 : Improved with move ('swap', 158, 216) → 254.0000
05:54:32 INFO: [ls_stage1] Iter 17 : Improved with move ('swap', 20, 69) → 253.0000
05:54:36 INFO: [ls_stage1] Iter 18 : Improved with move ('swap', 15, 101) → 252.0000
05:54:40 INFO: [ls_stage1] Iter 19 : Improved with move ('swap', 30, 231) → 251.0000
05:54:45 INFO: [ls_stage1] Iter 20 : Improved with move ('swap', 37, 240) → 250.0000
05:54:49 INFO: [ls_stage1] Iter 21 : Improved with move ('swap', 180, 222) → 249.0000
05:54:53 INFO: [ls_stage1] Iter 22 : Improved with move ('swap', 31, 54) → 247.0000
05:54:57 INFO: [ls_stage1] Iter 23 : Improved with move ('swap', 69, 166) → 246.0000
05:55:02 INFO: [ls_stage1] Iter 24 : No improvement
05:55:06 INFO: [ls_stage1] Iter 25 : Improved with move ('swap', 140, 160) → 245.0000
05:55:10 INFO: [ls_stage1] Iter 26 : No improvement
05:55:15 INFO: [ls_stage1] Iter 27 : Improved with move ('swap', 45, 65) → 244.0000
05:55:19 INFO: [ls_stage1] Iter 28 : Improved with move ('swap', 33, 151) → 243.0000
05:55:23 INFO: [ls_stage1] Iter 29 : No improvement
05:55:27 INFO: [ls_stage1] Iter 30 : Improved with move ('swap', 38, 74) → 242.0000
05:55:27 INFO: Stage 1 solved.
05:55:27 INFO: Solving stage 2 ... 
05:55:28 INFO: 
[ls_stage2] Building initial solution ...
05:57:21 INFO: [ls_stage2] Feasible initial solution: obj = -6536.4450
05:59:18 INFO: [ls_stage2] Iter 1 : Improved with move ('swap', 43, 203) → -6481.5850
06:01:14 INFO: [ls_stage2] Iter 2 : Improved with move ('swap', 39, 199) → -6432.6790
06:03:10 INFO: [ls_stage2] Iter 3 No improvement
06:03:10 INFO: [ls_stage2] Iter 4 No improvement
06:03:11 INFO: [ls_stage2] Iter 5 No improvement
06:03:11 INFO: [ls_stage2] Iter 6 No improvement
06:03:11 INFO: [ls_stage2] Converged after 5 iters without improvement
06:03:11 INFO: Stage 2 solved.
06:03:17 WARNING: Task designing ended. Optimizer designed 279 tasks.
06:03:17 INFO: Solving stage 1 ... 
06:03:17 INFO: 
[ls_stage1] Building initial solution ...
06:03:18 INFO: [ls_stage1] Feasible initial solution: obj = 288.0000
06:03:22 INFO: [ls_stage1] Iter 1 : Improved with move ('swap', 220, 235) → 285.0000
06:03:26 INFO: [ls_stage1] Iter 2 : Improved with move ('swap', 12, 40) → 283.0000
06:03:31 INFO: [ls_stage1] Iter 3 : Improved with move ('swap', 220, 226) → 281.0000
06:03:35 INFO: [ls_stage1] Iter 4 : Improved with move ('swap', 56, 180) → 279.0000
06:03:39 INFO: [ls_stage1] Iter 5 : Improved with move ('swap', 137, 189) → 276.0000
06:03:43 INFO: [ls_stage1] Iter 6 : Improved with move ('swap', 162, 208) → 274.0000
06:03:48 INFO: [ls_stage1] Iter 7 : Improved with move ('swap', 51, 229) → 272.0000
06:03:53 INFO: [ls_stage1] Iter 8 : Improved with move ('swap', 8, 223) → 270.0000
06:03:58 INFO: [ls_stage1] Iter 9 : Improved with move ('swap', 141, 174) → 268.0000
06:04:02 INFO: [ls_stage1] Iter 10 : Improved with move ('swap', 30, 111) → 267.0000
06:04:07 INFO: [ls_stage1] Iter 11 : Improved with move ('swap', 78, 239) → 266.0000
06:04:11 INFO: [ls_stage1] Iter 12 : Improved with move ('swap', 53, 122) → 265.0000
06:04:16 INFO: [ls_stage1] Iter 13 : Improved with move ('moveto', 154, 0) → 264.0000
06:04:20 INFO: [ls_stage1] Iter 14 : Improved with move ('swap', 115, 147) → 263.0000
06:04:25 INFO: [ls_stage1] Iter 15 : Improved with move ('swap', 18, 146) → 262.0000
06:04:29 INFO: [ls_stage1] Iter 16 : Improved with move ('moveto', 31, 3) → 261.0000
06:04:33 INFO: [ls_stage1] Iter 17 : Improved with move ('moveto', 191, 2) → 260.0000
06:04:37 INFO: [ls_stage1] Iter 18 : Improved with move ('swap', 43, 201) → 259.0000
06:04:42 INFO: [ls_stage1] Iter 19 : Improved with move ('swap', 63, 113) → 258.0000
06:04:46 INFO: [ls_stage1] Iter 20 : Improved with move ('swap', 139, 196) → 257.0000
06:04:50 INFO: [ls_stage1] Iter 21 : Improved with move ('swap', 11, 159) → 256.0000
06:04:55 INFO: [ls_stage1] Iter 22 : Improved with move ('swap', 126, 138) → 255.0000
06:04:59 INFO: [ls_stage1] Iter 23 : No improvement
06:05:03 INFO: [ls_stage1] Iter 24 : Improved with move ('repod', 90, 158) → 254.0000
06:05:08 INFO: [ls_stage1] Iter 25 : No improvement
06:05:12 INFO: [ls_stage1] Iter 26 : No improvement
06:05:16 INFO: [ls_stage1] Iter 27 : Improved with move ('swap', 65, 150) → 253.0000
06:05:21 INFO: [ls_stage1] Iter 28 : Improved with move ('repod', 367, 94) → 252.0000
06:05:25 INFO: [ls_stage1] Iter 29 : No improvement
06:05:29 INFO: [ls_stage1] Iter 30 : No improvement
06:05:29 INFO: Stage 1 solved.
06:05:29 INFO: Solving stage 2 ... 
06:05:29 INFO: 
[ls_stage2] Building initial solution ...
06:07:22 INFO: [ls_stage2] Feasible initial solution: obj = -7244.6803
06:09:17 INFO: [ls_stage2] Iter 1 No improvement
06:09:18 INFO: [ls_stage2] Iter 2 No improvement
06:09:18 INFO: [ls_stage2] Iter 3 No improvement
06:09:18 INFO: [ls_stage2] Iter 4 No improvement
06:09:18 INFO: [ls_stage2] Converged after 5 iters without improvement
06:09:18 INFO: Stage 2 solved.
06:09:24 WARNING: Task designing ended. Optimizer designed 264 tasks.
06:09:24 INFO: Task 1384 got stuck at workstation 0 -> heading to the pod storage location.
06:09:24 INFO: Solving stage 1 ... 
06:09:24 INFO: 
[ls_stage1] Building initial solution ...
06:09:24 INFO: [ls_stage1] Feasible initial solution: obj = 284.0000
06:09:30 INFO: [ls_stage1] Iter 1 : Improved with move ('swap', 59, 232) → 281.0000
06:09:34 INFO: [ls_stage1] Iter 2 : Improved with move ('swap', 2, 89) → 278.0000
06:09:38 INFO: [ls_stage1] Iter 3 : Improved with move ('moveto', 126, 3) → 277.0000
06:09:43 INFO: [ls_stage1] Iter 4 : Improved with move ('swap', 31, 193) → 276.0000
06:09:47 INFO: [ls_stage1] Iter 5 : Improved with move ('moveto', 194, 0) → 275.0000
06:09:51 INFO: [ls_stage1] Iter 6 : Improved with move ('swap', 13, 80) → 274.0000
06:09:56 INFO: [ls_stage1] Iter 7 : Improved with move ('swap', 72, 219) → 273.0000
06:10:00 INFO: [ls_stage1] Iter 8 : Improved with move ('swap', 35, 207) → 272.0000
06:10:04 INFO: [ls_stage1] Iter 9 : Improved with move ('swap', 10, 144) → 271.0000
06:10:09 INFO: [ls_stage1] Iter 10 : Improved with move ('swap', 37, 125) → 269.0000
06:10:13 INFO: [ls_stage1] Iter 11 : Improved with move ('swap', 41, 240) → 267.0000
06:10:18 INFO: [ls_stage1] Iter 12 : Improved with move ('swap', 68, 130) → 266.0000
06:10:22 INFO: [ls_stage1] Iter 13 : Improved with move ('swap', 71, 162) → 265.0000
06:10:27 INFO: [ls_stage1] Iter 14 : Improved with move ('swap', 9, 134) → 263.0000
06:10:31 INFO: [ls_stage1] Iter 15 : Improved with move ('swap', 120, 215) → 262.0000
06:10:35 INFO: [ls_stage1] Iter 16 : Improved with move ('swap', 1, 198) → 261.0000
06:10:40 INFO: [ls_stage1] Iter 17 : Improved with move ('swap', 135, 184) → 260.0000
06:10:44 INFO: [ls_stage1] Iter 18 : Improved with move ('swap', 134, 232) → 259.0000
06:10:48 INFO: [ls_stage1] Iter 19 : Improved with move ('moveto', 117, 2) → 258.0000
06:10:53 INFO: [ls_stage1] Iter 20 : Improved with move ('swap', 68, 99) → 257.0000
06:10:57 INFO: [ls_stage1] Iter 21 : Improved with move ('swap', 42, 100) → 256.0000
06:11:01 INFO: [ls_stage1] Iter 22 : Improved with move ('moveto', 48, 2) → 255.0000
06:11:06 INFO: [ls_stage1] Iter 23 : No improvement
06:11:10 INFO: [ls_stage1] Iter 24 : Improved with move ('swap', 88, 135) → 254.0000
06:11:14 INFO: [ls_stage1] Iter 25 : Improved with move ('swap', 71, 218) → 253.0000
06:11:19 INFO: [ls_stage1] Iter 26 : No improvement
06:11:23 INFO: [ls_stage1] Iter 27 : No improvement
06:11:28 INFO: [ls_stage1] Iter 28 : Improved with move ('swap', 92, 99) → 252.0000
06:11:32 INFO: [ls_stage1] Iter 29 : No improvement
06:11:36 INFO: [ls_stage1] Iter 30 : No improvement
06:11:36 INFO: Stage 1 solved.
06:11:36 INFO: Solving stage 2 ... 
06:11:36 INFO: 
[ls_stage2] Building initial solution ...
06:13:30 INFO: [ls_stage2] Feasible initial solution: obj = -7757.6847
06:15:25 INFO: [ls_stage2] Iter 1 : Improved with move ('swap', 119, 167) → -7721.2707
06:17:20 INFO: [ls_stage2] Iter 2 : Improved with move ('swap', 159, 53) → -7666.8207
06:19:15 INFO: [ls_stage2] Iter 3 : Improved with move ('swap', 207, 120) → -7634.8573
06:21:11 INFO: [ls_stage2] Iter 4 : Improved with move ('swap', 55, 223) → -7562.4733
06:23:06 INFO: [ls_stage2] Iter 5 : Improved with move ('swap', 32, 186) → -7503.3733
06:25:02 INFO: [ls_stage2] Iter 6 : Improved with move ('swap', 230, 125) → -7485.2893
06:26:58 INFO: [ls_stage2] Iter 7 : Improved with move ('item', 45, -5) → -7477.9287
06:28:55 INFO: [ls_stage2] Iter 8 : Improved with move ('swap', 48, 127) → -7451.7560
06:30:50 INFO: [ls_stage2] Iter 9 : Improved with move ('swap', 23, 140) → -7376.9720
06:32:45 INFO: [ls_stage2] Iter 10 : Improved with move ('swap', 0, 182) → -7342.7480
06:34:41 INFO: [ls_stage2] Iter 11 : Improved with move ('swap', 109, 110) → -7292.9667
06:36:37 INFO: [ls_stage2] Iter 12 : Improved with move ('swap', 83, 227) → -7265.4267
06:38:33 INFO: [ls_stage2] Iter 13 : Improved with move ('swap', 64, 99) → -7238.4720
06:40:30 INFO: [ls_stage2] Iter 14 : Improved with move ('swap', 11, 42) → -7227.2587
06:42:25 INFO: [ls_stage2] Iter 15 : Improved with move ('item', 23, -5) → -7219.2967
06:44:22 INFO: [ls_stage2] Iter 16 : Improved with move ('item', 131, -5) → -7211.0117
06:46:17 INFO: [ls_stage2] Iter 17 No improvement
06:48:10 INFO: [ls_stage2] Iter 18 No improvement
06:48:10 INFO: [ls_stage2] Iter 19 No improvement
06:48:10 INFO: [ls_stage2] Iter 20 No improvement
06:48:11 INFO: [ls_stage2] Converged after 5 iters without improvement
06:48:11 INFO: Stage 2 solved.
06:48:17 WARNING: Task designing ended. Optimizer designed 281 tasks.
06:48:17 INFO: Task 1638 got stuck at workstation 0 -> heading to the pod storage location.
06:48:17 INFO:   END SIMULATION.

06:48:17 INFO: Writing statistics report ...
06:48:17 INFO: Report saved to: c:\Users\chiod\Documents\Tesi_LM\Simulator\output\reports\Opt_True\report_10_OptTrue_Seed343310.txt
