11:57:46 INFO: Warehouse initialization | grid=10x20, physical=23x25, num_skus=4000, num_robots=20, num_ws=4
11:57:46 INFO: Warehouse initialized | 200 pods  (average number of skus per pod = 21.91), 4 workstations, 20 robots
11:57:46 INFO: [OptManager] Building time-space network ...
11:57:46 INFO: [OptManager] Network ready: 20400 nodes, 157086 travelling arcs, 20196 idle arcs.
11:57:46 INFO: 
=============================================
11:57:46 INFO:   START SIMULATION  {TIME HORIZON = 02:00:00}
11:57:46 INFO: Solving stage 1 ... 
11:57:46 INFO: 
[ls_stage1] Building initial solution ...
11:57:46 INFO: [ls_stage1] Feasible initial solution: obj = 153.0000
11:57:49 INFO: [ls_stage1] Iter 1 : Improved with move ('swap', 86, 94) → 150.0000
11:57:51 INFO: [ls_stage1] Iter 2 : Improved with move ('swap', 91, 93) → 148.0000
11:57:52 INFO: [ls_stage1] Iter 3 : Improved with move ('swap', 5, 56) → 147.0000
11:57:54 INFO: [ls_stage1] Iter 4 : Improved with move ('swap', 29, 45) → 145.0000
11:57:56 INFO: [ls_stage1] Iter 5 : Improved with move ('swap', 6, 92) → 144.0000
11:57:58 INFO: [ls_stage1] Iter 6 : Improved with move ('swap', 58, 103) → 143.0000
11:58:00 INFO: [ls_stage1] Iter 7 : Improved with move ('swap', 80, 85) → 141.0000
11:58:02 INFO: [ls_stage1] Iter 8 : Improved with move ('swap', 13, 38) → 140.0000
11:58:03 INFO: [ls_stage1] Iter 9 : Improved with move ('swap', 51, 54) → 139.0000
11:58:05 INFO: [ls_stage1] Iter 10 : Improved with move ('swap', 76, 98) → 138.0000
11:58:07 INFO: [ls_stage1] Iter 11 : Improved with move ('moveto', 81, 2) → 137.0000
11:58:09 INFO: [ls_stage1] Iter 12 : Improved with move ('swap', 47, 53) → 136.0000
11:58:10 INFO: [ls_stage1] Iter 13 : No improvement
11:58:12 INFO: [ls_stage1] Iter 14 : No improvement
11:58:14 INFO: [ls_stage1] Iter 15 : No improvement
11:58:16 INFO: [ls_stage1] Iter 16 : No improvement
11:58:18 INFO: [ls_stage1] Converged after 5 iters without improvement
11:58:18 INFO: Stage 1 solved.
11:58:18 INFO: Solving stage 2 ... 
11:58:18 INFO: 
[ls_stage2] Building initial solution ...
11:59:35 INFO: [ls_stage2] Feasible initial solution: obj = 143.1498
12:00:56 INFO: [ls_stage2] Iter 1 : Improved with move ('swap', 94, 110) → 143.6407
12:02:21 INFO: [ls_stage2] Iter 2 : Improved with move ('swap', 66, 112) → 143.9527
12:03:58 INFO: [ls_stage2] Iter 3 No improvement
12:03:58 INFO: [ls_stage2] Iter 4 No improvement
12:03:58 INFO: [ls_stage2] Iter 5 No improvement
12:03:58 INFO: [ls_stage2] Iter 6 No improvement
12:03:58 INFO: [ls_stage2] Converged after 5 iters without improvement
12:03:58 INFO: Stage 2 solved.
12:04:03 WARNING: Task designing ended. Optimizer designed 161 tasks.
12:04:04 INFO: Solving stage 1 ... 
12:04:04 INFO: 
[ls_stage1] Building initial solution ...
12:04:05 INFO: [ls_stage1] Feasible initial solution: obj = 239.0000
12:04:10 INFO: [ls_stage1] Iter 1 : Improved with move ('swap', 99, 134) → 237.0000
12:04:14 INFO: [ls_stage1] Iter 2 : Improved with move ('swap', 99, 202) → 235.0000
12:04:19 INFO: [ls_stage1] Iter 3 : Improved with move ('swap', 90, 199) → 234.0000
12:04:23 INFO: [ls_stage1] Iter 4 : Improved with move ('swap', 35, 55) → 233.0000
12:04:27 INFO: [ls_stage1] Iter 5 : Improved with move ('swap', 24, 119) → 232.0000
12:04:31 INFO: [ls_stage1] Iter 6 : Improved with move ('swap', 197, 199) → 231.0000
12:04:36 INFO: [ls_stage1] Iter 7 : Improved with move ('swap', 147, 160) → 230.0000
12:04:40 INFO: [ls_stage1] Iter 8 : Improved with move ('swap', 34, 64) → 229.0000
12:04:44 INFO: [ls_stage1] Iter 9 : Improved with move ('moveto', 171, 2) → 228.0000
12:04:48 INFO: [ls_stage1] Iter 10 : Improved with move ('swap', 162, 211) → 227.0000
12:04:52 INFO: [ls_stage1] Iter 11 : Improved with move ('swap', 73, 83) → 226.0000
12:04:56 INFO: [ls_stage1] Iter 12 : Improved with move ('swap', 2, 57) → 224.0000
12:05:00 INFO: [ls_stage1] Iter 13 : Improved with move ('swap', 120, 129) → 223.0000
12:05:05 INFO: [ls_stage1] Iter 14 : No improvement
12:05:09 INFO: [ls_stage1] Iter 15 : Improved with move ('swap', 34, 105) → 222.0000
12:05:13 INFO: [ls_stage1] Iter 16 : Improved with move ('swap', 68, 146) → 221.0000
12:05:17 INFO: [ls_stage1] Iter 17 : Improved with move ('repod', 191, 20) → 220.0000
12:05:21 INFO: [ls_stage1] Iter 18 : No improvement
12:05:25 INFO: [ls_stage1] Iter 19 : Improved with move ('swap', 9, 217) → 219.0000
12:05:29 INFO: [ls_stage1] Iter 20 : Improved with move ('swap', 25, 124) → 218.0000
12:05:33 INFO: [ls_stage1] Iter 21 : No improvement
12:05:38 INFO: [ls_stage1] Iter 22 : Improved with move ('swap', 68, 99) → 217.0000
12:05:42 INFO: [ls_stage1] Iter 23 : Improved with move ('swap', 15, 80) → 216.0000
12:05:46 INFO: [ls_stage1] Iter 24 : Improved with move ('swap', 154, 174) → 215.0000
12:05:50 INFO: [ls_stage1] Iter 25 : No improvement
12:05:54 INFO: [ls_stage1] Iter 26 : Improved with move ('swap', 26, 215) → 214.0000
12:05:58 INFO: [ls_stage1] Iter 27 : No improvement
12:06:02 INFO: [ls_stage1] Iter 28 : No improvement
12:06:07 INFO: [ls_stage1] Iter 29 : No improvement
12:06:11 INFO: [ls_stage1] Iter 30 : No improvement
12:06:11 INFO: Stage 1 solved.
12:06:11 INFO: Solving stage 2 ... 
12:06:11 INFO: 
[ls_stage2] Building initial solution ...
12:08:26 INFO: [ls_stage2] Feasible initial solution: obj = -1370.7017
12:10:44 INFO: [ls_stage2] Iter 1 : Improved with move ('swap', 130, 13) → -1362.4810
12:12:51 INFO: [ls_stage2] Iter 2 : Improved with move ('swap', 37, 127) → -1356.2710
12:14:45 INFO: [ls_stage2] Iter 3 : Improved with move ('swap', 36, 179) → -1342.3068
12:17:19 INFO: [ls_stage2] Iter 4 : Improved with move ('swap', 139, 20) → -1334.6313
12:19:41 INFO: [ls_stage2] Iter 5 : Improved with move ('swap', 21, 209) → -1326.1413
12:21:36 INFO: [ls_stage2] Iter 6 : Improved with move ('swap', 174, 61) → -1317.3793
12:23:30 INFO: [ls_stage2] Iter 7 : Improved with move ('swap', 7, 194) → -1301.2578
12:25:25 INFO: [ls_stage2] Iter 8 : Improved with move ('swap', 29, 211) → -1293.3408
12:27:20 INFO: [ls_stage2] Iter 9 : Improved with move ('swap', 27, 211) → -1285.0608
12:29:14 INFO: [ls_stage2] Iter 10 : Improved with move ('swap', 14, 97) → -1280.7518
12:31:09 INFO: [ls_stage2] Iter 11 No improvement
12:31:09 INFO: [ls_stage2] Iter 12 No improvement
12:31:09 INFO: [ls_stage2] Iter 13 No improvement
12:31:09 INFO: [ls_stage2] Iter 14 No improvement
12:31:09 INFO: [ls_stage2] Converged after 5 iters without improvement
12:31:09 INFO: Stage 2 solved.
12:31:15 WARNING: Task designing ended. Optimizer designed 276 tasks.
12:31:16 INFO: Solving stage 1 ... 
12:31:16 INFO: 
[ls_stage1] Building initial solution ...
12:31:17 INFO: [ls_stage1] Feasible initial solution: obj = 296.0000
12:31:23 INFO: [ls_stage1] Iter 1 : Improved with move ('swap', 122, 138) → 294.0000
12:31:28 INFO: [ls_stage1] Iter 2 : Improved with move ('swap', 15, 84) → 292.0000
12:31:33 INFO: [ls_stage1] Iter 3 : Improved with move ('swap', 6, 209) → 289.0000
12:31:38 INFO: [ls_stage1] Iter 4 : Improved with move ('swap', 171, 215) → 286.0000
12:31:42 INFO: [ls_stage1] Iter 5 : Improved with move ('swap', 52, 220) → 284.0000
12:31:47 INFO: [ls_stage1] Iter 6 : Improved with move ('swap', 64, 206) → 282.0000
12:31:52 INFO: [ls_stage1] Iter 7 : Improved with move ('swap', 3, 218) → 280.0000
12:31:56 INFO: [ls_stage1] Iter 8 : Improved with move ('swap', 81, 144) → 278.0000
12:32:01 INFO: [ls_stage1] Iter 9 : Improved with move ('swap', 178, 213) → 277.0000
12:32:06 INFO: [ls_stage1] Iter 10 : Improved with move ('swap', 279, 297) → 276.0000
12:32:11 INFO: [ls_stage1] Iter 11 : Improved with move ('swap', 60, 91) → 274.0000
12:32:15 INFO: [ls_stage1] Iter 12 : Improved with move ('swap', 137, 255) → 273.0000
12:32:20 INFO: [ls_stage1] Iter 13 : Improved with move ('swap', 174, 262) → 271.0000
12:32:25 INFO: [ls_stage1] Iter 14 : Improved with move ('swap', 22, 104) → 270.0000
12:32:29 INFO: [ls_stage1] Iter 15 : Improved with move ('swap', 197, 277) → 269.0000
12:32:34 INFO: [ls_stage1] Iter 16 : Improved with move ('swap', 120, 172) → 268.0000
12:32:39 INFO: [ls_stage1] Iter 17 : Improved with move ('swap', 48, 196) → 267.0000
12:32:43 INFO: [ls_stage1] Iter 18 : Improved with move ('swap', 213, 225) → 265.0000
12:32:48 INFO: [ls_stage1] Iter 19 : Improved with move ('swap', 21, 206) → 264.0000
12:32:53 INFO: [ls_stage1] Iter 20 : Improved with move ('swap', 151, 217) → 263.0000
12:32:58 INFO: [ls_stage1] Iter 21 : Improved with move ('swap', 25, 233) → 261.0000
12:33:02 INFO: [ls_stage1] Iter 22 : Improved with move ('swap', 108, 250) → 260.0000
12:33:07 INFO: [ls_stage1] Iter 23 : Improved with move ('swap', 292, 293) → 259.0000
12:33:12 INFO: [ls_stage1] Iter 24 : No improvement
12:33:16 INFO: [ls_stage1] Iter 25 : Improved with move ('swap', 36, 50) → 258.0000
12:33:21 INFO: [ls_stage1] Iter 26 : No improvement
12:33:26 INFO: [ls_stage1] Iter 27 : No improvement
12:33:31 INFO: [ls_stage1] Iter 28 : Improved with move ('swap', 104, 282) → 257.0000
12:33:35 INFO: [ls_stage1] Iter 29 : Improved with move ('swap', 76, 112) → 256.0000
12:33:40 INFO: [ls_stage1] Iter 30 : Improved with move ('swap', 246, 284) → 255.0000
12:33:40 INFO: Stage 1 solved.
12:33:40 INFO: Solving stage 2 ... 
12:33:40 INFO: 
[ls_stage2] Building initial solution ...
12:35:40 INFO: [ls_stage2] violated = ['EC16']
12:37:40 INFO: [ls_stage2] Feasible initial solution: obj = -4830.3837
12:39:43 INFO: [ls_stage2] Iter 1 : Improved with move ('swap', 116, 250) → -4820.6237
12:41:48 INFO: [ls_stage2] Iter 2 : Improved with move ('swap', 94, 294) → -4805.0603
12:43:52 INFO: [ls_stage2] Iter 3 : Improved with move ('swap', 14, 241) → -4796.5665
12:45:57 INFO: [ls_stage2] Iter 4 : Improved with move ('swap', 128, 228) → -4784.4165
12:48:11 INFO: [ls_stage2] Iter 5 : Improved with move ('swap', 51, 222) → -4751.6760
12:50:15 INFO: [ls_stage2] Iter 6 : Improved with move ('swap', 92, 188) → -4740.5220
12:52:19 INFO: [ls_stage2] Iter 7 : Improved with move ('swap', 278, 231) → -4735.6827
12:54:23 INFO: [ls_stage2] Iter 8 : Improved with move ('swap', 8, 25) → -4729.8252
12:56:28 INFO: [ls_stage2] Iter 9 : Improved with move ('swap', 136, 74) → -4726.1292
12:58:33 INFO: [ls_stage2] Iter 10 : Improved with move ('swap', 5, 131) → -4712.2192
13:00:43 INFO: [ls_stage2] Iter 11 : Improved with move ('swap', 118, 193) → -4705.2015
13:02:47 INFO: [ls_stage2] Iter 12 : Improved with move ('swap', 287, 69) → -4696.9665
13:04:51 INFO: [ls_stage2] Iter 13 : Improved with move ('swap', 296, 226) → -4689.8265
13:06:56 INFO: [ls_stage2] Iter 14 No improvement
13:06:56 INFO: [ls_stage2] Iter 15 No improvement
13:06:56 INFO: [ls_stage2] Iter 16 No improvement
13:06:56 INFO: [ls_stage2] Iter 17 No improvement
13:06:56 INFO: [ls_stage2] Converged after 5 iters without improvement
13:06:56 INFO: Stage 2 solved.
13:07:03 WARNING: Task designing ended. Optimizer designed 279 tasks.
13:07:03 INFO: Solving stage 1 ... 
13:07:03 INFO: 
[ls_stage1] Building initial solution ...
13:07:07 INFO: [ls_stage1] Feasible initial solution: obj = 292.0000
13:07:12 INFO: [ls_stage1] Iter 1 : Improved with move ('swap', 192, 248) → 289.0000
13:07:16 INFO: [ls_stage1] Iter 2 : Improved with move ('swap', 105, 132) → 286.0000
13:07:21 INFO: [ls_stage1] Iter 3 : Improved with move ('swap', 4, 276) → 283.0000
13:07:26 INFO: [ls_stage1] Iter 4 : Improved with move ('swap', 32, 153) → 281.0000
13:07:30 INFO: [ls_stage1] Iter 5 : Improved with move ('swap', 69, 246) → 280.0000
13:07:35 INFO: [ls_stage1] Iter 6 : Improved with move ('swap', 1, 33) → 278.0000
13:07:40 INFO: [ls_stage1] Iter 7 : Improved with move ('swap', 5, 43) → 276.0000
13:07:45 INFO: [ls_stage1] Iter 8 : Improved with move ('swap', 84, 148) → 275.0000
13:07:49 INFO: [ls_stage1] Iter 9 : Improved with move ('swap', 125, 236) → 274.0000
13:07:54 INFO: [ls_stage1] Iter 10 : Improved with move ('swap', 69, 171) → 273.0000
13:07:58 INFO: [ls_stage1] Iter 11 : Improved with move ('swap', 241, 265) → 272.0000
13:08:03 INFO: [ls_stage1] Iter 12 : Improved with move ('swap', 166, 240) → 271.0000
13:08:08 INFO: [ls_stage1] Iter 13 : Improved with move ('swap', 60, 176) → 270.0000
13:08:12 INFO: [ls_stage1] Iter 14 : Improved with move ('swap', 88, 224) → 269.0000
13:08:17 INFO: [ls_stage1] Iter 15 : Improved with move ('swap', 78, 289) → 268.0000
13:08:22 INFO: [ls_stage1] Iter 16 : Improved with move ('swap', 194, 299) → 267.0000
13:08:26 INFO: [ls_stage1] Iter 17 : Improved with move ('repod', 195, 195) → 266.0000
13:08:31 INFO: [ls_stage1] Iter 18 : Improved with move ('swap', 118, 276) → 265.0000
13:08:36 INFO: [ls_stage1] Iter 19 : Improved with move ('swap', 256, 297) → 264.0000
13:08:40 INFO: [ls_stage1] Iter 20 : Improved with move ('repod', 503, 159) → 263.0000
13:08:45 INFO: [ls_stage1] Iter 21 : Improved with move ('swap', 173, 290) → 262.0000
13:08:49 INFO: [ls_stage1] Iter 22 : Improved with move ('swap', 81, 148) → 261.0000
13:08:54 INFO: [ls_stage1] Iter 23 : Improved with move ('swap', 162, 291) → 260.0000
13:08:59 INFO: [ls_stage1] Iter 24 : Improved with move ('swap', 48, 289) → 258.0000
13:09:05 INFO: [ls_stage1] Iter 25 : Improved with move ('swap', 99, 166) → 256.0000
13:09:11 INFO: [ls_stage1] Iter 26 : Improved with move ('swap', 1, 29) → 255.0000
13:09:17 INFO: [ls_stage1] Iter 27 : Improved with move ('swap', 19, 137) → 254.0000
13:09:23 INFO: [ls_stage1] Iter 28 : Improved with move ('swap', 70, 163) → 252.0000
13:09:29 INFO: [ls_stage1] Iter 29 : Improved with move ('swap', 29, 292) → 251.0000
13:09:35 INFO: [ls_stage1] Iter 30 : No improvement
13:09:35 INFO: Stage 1 solved.
13:09:35 INFO: Solving stage 2 ... 
13:09:36 INFO: 
[ls_stage2] Building initial solution ...
13:11:45 INFO: [ls_stage2] Feasible initial solution: obj = -6709.6430
13:13:44 INFO: [ls_stage2] Iter 1 : Improved with move ('swap', 286, 31) → -6661.2960
13:15:43 INFO: [ls_stage2] Iter 2 : Improved with move ('swap', 79, 259) → -6645.2107
13:17:42 INFO: [ls_stage2] Iter 3 No improvement
13:17:42 INFO: [ls_stage2] Iter 4 No improvement
13:17:42 INFO: [ls_stage2] Iter 5 No improvement
13:17:42 INFO: [ls_stage2] Iter 6 No improvement
13:17:42 INFO: [ls_stage2] Converged after 5 iters without improvement
13:17:42 INFO: Stage 2 solved.
13:17:48 WARNING: Task designing ended. Optimizer designed 272 tasks.
13:17:48 INFO: Task 569 got stuck at workstation 0 -> heading to the pod storage location.
13:17:48 INFO: Task 571 got stuck at workstation 0 -> heading to the pod storage location.
13:17:48 INFO: Solving stage 1 ... 
13:17:48 INFO: 
[ls_stage1] Building initial solution ...
13:17:54 INFO: [ls_stage1] Feasible initial solution: obj = 290.0000
13:17:59 INFO: [ls_stage1] Iter 1 : Improved with move ('swap', 62, 224) → 287.0000
13:18:04 INFO: [ls_stage1] Iter 2 : Improved with move ('swap', 191, 243) → 285.0000
13:18:09 INFO: [ls_stage1] Iter 3 : Improved with move ('swap', 272, 280) → 282.0000
13:18:13 INFO: [ls_stage1] Iter 4 : Improved with move ('swap', 171, 208) → 280.0000
13:18:18 INFO: [ls_stage1] Iter 5 : Improved with move ('swap', 194, 218) → 278.0000
13:18:23 INFO: [ls_stage1] Iter 6 : Improved with move ('swap', 23, 46) → 277.0000
13:18:28 INFO: [ls_stage1] Iter 7 : Improved with move ('swap', 89, 115) → 275.0000
13:18:32 INFO: [ls_stage1] Iter 8 : Improved with move ('swap', 248, 283) → 273.0000
13:18:37 INFO: [ls_stage1] Iter 9 : Improved with move ('swap', 28, 147) → 272.0000
13:18:42 INFO: [ls_stage1] Iter 10 : Improved with move ('swap', 139, 190) → 271.0000
13:18:47 INFO: [ls_stage1] Iter 11 : Improved with move ('swap', 111, 276) → 269.0000
13:18:51 INFO: [ls_stage1] Iter 12 : Improved with move ('swap', 122, 147) → 267.0000
13:18:56 INFO: [ls_stage1] Iter 13 : Improved with move ('swap', 51, 76) → 266.0000
13:19:01 INFO: [ls_stage1] Iter 14 : Improved with move ('swap', 146, 149) → 264.0000
13:19:05 INFO: [ls_stage1] Iter 15 : Improved with move ('swap', 162, 229) → 263.0000
13:19:10 INFO: [ls_stage1] Iter 16 : Improved with move ('swap', 21, 150) → 262.0000
13:19:15 INFO: [ls_stage1] Iter 17 : Improved with move ('swap', 287, 296) → 259.0000
13:19:20 INFO: [ls_stage1] Iter 18 : Improved with move ('swap', 103, 256) → 258.0000
13:19:25 INFO: [ls_stage1] Iter 19 : Improved with move ('moveto', 213, 3) → 257.0000
13:19:29 INFO: [ls_stage1] Iter 20 : Improved with move ('swap', 135, 158) → 256.0000
13:19:34 INFO: [ls_stage1] Iter 21 : Improved with move ('swap', 27, 119) → 255.0000
13:19:39 INFO: [ls_stage1] Iter 22 : Improved with move ('swap', 6, 42) → 254.0000
13:19:44 INFO: [ls_stage1] Iter 23 : Improved with move ('swap', 103, 260) → 253.0000
13:19:48 INFO: [ls_stage1] Iter 24 : No improvement
13:19:53 INFO: [ls_stage1] Iter 25 : Improved with move ('swap', 111, 263) → 252.0000
13:19:58 INFO: [ls_stage1] Iter 26 : No improvement
13:20:02 INFO: [ls_stage1] Iter 27 : No improvement
13:20:07 INFO: [ls_stage1] Iter 28 : No improvement
13:20:12 INFO: [ls_stage1] Iter 29 : No improvement
13:20:17 INFO: [ls_stage1] Converged after 5 iters without improvement
13:20:17 INFO: Stage 1 solved.
13:20:17 INFO: Solving stage 2 ... 
13:20:17 INFO: 
[ls_stage2] Building initial solution ...
13:22:14 INFO: [ls_stage2] Feasible initial solution: obj = -8707.9890
13:24:15 INFO: [ls_stage2] Iter 1 : Improved with move ('swap', 133, 245) → -8692.5045
13:26:15 INFO: [ls_stage2] Iter 2 : Improved with move ('swap', 162, 90) → -8679.1920
13:28:16 INFO: [ls_stage2] Iter 3 : Improved with move ('swap', 6, 292) → -8648.0103
13:30:16 INFO: [ls_stage2] Iter 4 : Improved with move ('swap', 67, 218) → -8629.7170
13:32:16 INFO: [ls_stage2] Iter 5 : Improved with move ('swap', 76, 123) → -8576.1250
13:34:16 INFO: [ls_stage2] Iter 6 : Improved with move ('swap', 63, 222) → -8546.5150
13:36:16 INFO: [ls_stage2] Iter 7 No improvement
13:36:16 INFO: [ls_stage2] Iter 8 No improvement
13:36:16 INFO: [ls_stage2] Iter 9 No improvement
13:36:16 INFO: [ls_stage2] Iter 10 No improvement
13:36:16 INFO: [ls_stage2] Converged after 5 iters without improvement
13:36:17 INFO: Stage 2 solved.
13:36:23 WARNING: Task designing ended. Optimizer designed 285 tasks.
13:36:23 INFO: Task 846 got stuck at workstation 3 -> heading to the pod storage location.
13:36:23 INFO: Task 813 got stuck at workstation 0 -> heading to the pod storage location.
13:36:23 INFO: Task 815 got stuck at workstation 0 -> heading to the pod storage location.
13:36:23 INFO: Solving stage 1 ... 
13:36:23 INFO: 
[ls_stage1] Building initial solution ...
13:36:24 INFO: [ls_stage1] Feasible initial solution: obj = 271.0000
13:36:28 INFO: [ls_stage1] Iter 1 : Improved with move ('swap', 14, 87) → 269.0000
13:36:33 INFO: [ls_stage1] Iter 2 : Improved with move ('swap', 61, 282) → 267.0000
13:36:38 INFO: [ls_stage1] Iter 3 : Improved with move ('swap', 190, 295) → 265.0000
13:36:42 INFO: [ls_stage1] Iter 4 : Improved with move ('swap', 228, 272) → 264.0000
13:36:47 INFO: [ls_stage1] Iter 5 : Improved with move ('swap', 246, 279) → 263.0000
13:36:51 INFO: [ls_stage1] Iter 6 : Improved with move ('swap', 201, 250) → 261.0000
13:36:56 INFO: [ls_stage1] Iter 7 : Improved with move ('swap', 28, 296) → 259.0000
13:37:00 INFO: [ls_stage1] Iter 8 : Improved with move ('swap', 95, 192) → 258.0000
13:37:05 INFO: [ls_stage1] Iter 9 : Improved with move ('swap', 249, 287) → 257.0000
13:37:09 INFO: [ls_stage1] Iter 10 : Improved with move ('swap', 95, 204) → 255.0000
13:37:14 INFO: [ls_stage1] Iter 11 : Improved with move ('swap', 17, 156) → 253.0000
13:37:18 INFO: [ls_stage1] Iter 12 : Improved with move ('swap', 174, 289) → 252.0000
13:37:23 INFO: [ls_stage1] Iter 13 : Improved with move ('moveto', 209, 2) → 251.0000
13:37:27 INFO: [ls_stage1] Iter 14 : Improved with move ('swap', 1, 123) → 250.0000
13:37:32 INFO: [ls_stage1] Iter 15 : Improved with move ('swap', 11, 37) → 249.0000
13:37:36 INFO: [ls_stage1] Iter 16 : Improved with move ('swap', 51, 285) → 247.0000
13:37:41 INFO: [ls_stage1] Iter 17 : Improved with move ('swap', 219, 277) → 246.0000
13:37:46 INFO: [ls_stage1] Iter 18 : Improved with move ('swap', 55, 99) → 244.0000
13:37:50 INFO: [ls_stage1] Iter 19 : Improved with move ('swap', 12, 241) → 243.0000
13:37:55 INFO: [ls_stage1] Iter 20 : Improved with move ('moveto', 80, 0) → 242.0000
13:37:59 INFO: [ls_stage1] Iter 21 : Improved with move ('swap', 2, 266) → 241.0000
13:38:04 INFO: [ls_stage1] Iter 22 : No improvement
13:38:08 INFO: [ls_stage1] Iter 23 : Improved with move ('swap', 185, 256) → 240.0000
13:38:13 INFO: [ls_stage1] Iter 24 : Improved with move ('swap', 69, 244) → 239.0000
13:38:17 INFO: [ls_stage1] Iter 25 : No improvement
13:38:22 INFO: [ls_stage1] Iter 26 : Improved with move ('swap', 34, 155) → 238.0000
13:38:26 INFO: [ls_stage1] Iter 27 : No improvement
13:38:31 INFO: [ls_stage1] Iter 28 : No improvement
13:38:36 INFO: [ls_stage1] Iter 29 : No improvement
13:38:40 INFO: [ls_stage1] Iter 30 : No improvement
13:38:40 INFO: Stage 1 solved.
13:38:40 INFO: Solving stage 2 ... 
13:38:40 INFO: 
[ls_stage2] Building initial solution ...
13:40:35 INFO: [ls_stage2] Feasible initial solution: obj = -11062.3183
13:42:33 INFO: [ls_stage2] Iter 1 No improvement
13:42:33 INFO: [ls_stage2] Iter 2 No improvement
13:42:33 INFO: [ls_stage2] Iter 3 No improvement
13:42:33 INFO: [ls_stage2] Iter 4 No improvement
13:42:33 INFO: [ls_stage2] Converged after 5 iters without improvement
13:42:33 INFO: Stage 2 solved.
13:42:39 WARNING: Task designing ended. Optimizer designed 278 tasks.
13:42:40 INFO: Task 1108 got stuck at workstation 0 -> heading to the pod storage location.
13:42:40 INFO: Task 1107 got stuck at workstation 2 -> heading to the pod storage location.
13:42:40 INFO: Solving stage 1 ... 
13:42:40 INFO: 
[ls_stage1] Building initial solution ...
13:42:40 INFO: [ls_stage1] Feasible initial solution: obj = 279.0000
13:42:45 INFO: [ls_stage1] Iter 1 : Improved with move ('swap', 190, 228) → 277.0000
13:42:50 INFO: [ls_stage1] Iter 2 : Improved with move ('swap', 105, 210) → 275.0000
13:42:55 INFO: [ls_stage1] Iter 3 : Improved with move ('swap', 48, 66) → 273.0000
13:42:59 INFO: [ls_stage1] Iter 4 : Improved with move ('swap', 113, 116) → 271.0000
13:43:04 INFO: [ls_stage1] Iter 5 : Improved with move ('swap', 35, 214) → 269.0000
13:43:08 INFO: [ls_stage1] Iter 6 : Improved with move ('swap', 73, 139) → 267.0000
13:43:13 INFO: [ls_stage1] Iter 7 : Improved with move ('swap', 91, 231) → 265.0000
13:43:18 INFO: [ls_stage1] Iter 8 : Improved with move ('swap', 73, 270) → 264.0000
13:43:22 INFO: [ls_stage1] Iter 9 : Improved with move ('swap', 25, 153) → 262.0000
13:43:27 INFO: [ls_stage1] Iter 10 : Improved with move ('swap', 180, 269) → 260.0000
13:43:31 INFO: [ls_stage1] Iter 11 : Improved with move ('swap', 96, 180) → 258.0000
13:43:36 INFO: [ls_stage1] Iter 12 : Improved with move ('swap', 24, 53) → 257.0000
13:43:41 INFO: [ls_stage1] Iter 13 : Improved with move ('swap', 137, 246) → 256.0000
13:43:45 INFO: [ls_stage1] Iter 14 : Improved with move ('swap', 18, 250) → 255.0000
13:43:50 INFO: [ls_stage1] Iter 15 : No improvement
13:43:54 INFO: [ls_stage1] Iter 16 : Improved with move ('swap', 137, 287) → 253.0000
13:43:59 INFO: [ls_stage1] Iter 17 : Improved with move ('swap', 276, 279) → 252.0000
13:44:03 INFO: [ls_stage1] Iter 18 : No improvement
13:44:08 INFO: [ls_stage1] Iter 19 : Improved with move ('swap', 130, 154) → 251.0000
13:44:13 INFO: [ls_stage1] Iter 20 : No improvement
13:44:17 INFO: [ls_stage1] Iter 21 : No improvement
13:44:22 INFO: [ls_stage1] Iter 22 : Improved with move ('swap', 87, 236) → 250.0000
13:44:26 INFO: [ls_stage1] Iter 23 : Improved with move ('swap', 33, 145) → 249.0000
13:44:31 INFO: [ls_stage1] Iter 24 : No improvement
13:44:36 INFO: [ls_stage1] Iter 25 : No improvement
13:44:40 INFO: [ls_stage1] Iter 26 : No improvement
13:44:45 INFO: [ls_stage1] Iter 27 : No improvement
13:44:49 INFO: [ls_stage1] Converged after 5 iters without improvement
13:44:49 INFO: Stage 1 solved.
13:44:49 INFO: Solving stage 2 ... 
13:44:49 INFO: 
[ls_stage2] Building initial solution ...
13:46:47 INFO: [ls_stage2] Feasible initial solution: obj = -13328.3468
13:48:49 INFO: [ls_stage2] Iter 1 : Improved with move ('swap', 17, 244) → -13297.8218
13:50:58 INFO: [ls_stage2] Iter 2 : Improved with move ('swap', 49, 83) → -13286.9025
13:53:01 INFO: [ls_stage2] Iter 3 : Improved with move ('swap', 121, 264) → -13229.6235
13:55:03 INFO: [ls_stage2] Iter 4 : Improved with move ('swap', 84, 101) → -13193.7180
13:57:05 INFO: [ls_stage2] Iter 5 : Improved with move ('swap', 22, 262) → -13155.2565
13:59:07 INFO: [ls_stage2] Iter 6 : Improved with move ('swap', 75, 258) → -13115.6678
14:01:09 INFO: [ls_stage2] Iter 7 : Improved with move ('swap', 141, 165) → -13101.0068
14:03:09 INFO: [ls_stage2] Iter 8 : Improved with move ('swap', 71, 189) → -13081.6523
14:05:11 INFO: [ls_stage2] Iter 9 : Improved with move ('swap', 75, 109) → -13067.6903
14:07:12 INFO: [ls_stage2] Iter 10 : Improved with move ('swap', 271, 48) → -13049.5403
14:09:14 INFO: [ls_stage2] Iter 11 : Improved with move ('swap', 79, 210) → -13025.4020
14:11:16 INFO: [ls_stage2] Iter 12 : Improved with move ('swap', 129, 12) → -12996.2447
14:13:18 INFO: [ls_stage2] Iter 13 : Improved with move ('swap', 101, 156) → -12974.3327
14:15:21 INFO: [ls_stage2] Iter 14 : Improved with move ('item', 8, -5) → -12968.3160
14:17:23 INFO: [ls_stage2] Iter 15 : Improved with move ('swap', 272, 49) → -12956.5917
14:19:27 INFO: [ls_stage2] Iter 16 : Improved with move ('swap', 21, 226) → -12937.9647
14:22:16 INFO: [ls_stage2] Iter 17 : Improved with move ('swap', 12, 272) → -12928.4097
14:24:24 INFO: [ls_stage2] Iter 18 : Improved with move ('swap', 124, 292) → -12901.8517
14:26:27 INFO: [ls_stage2] Iter 19 : Improved with move ('swap', 21, 45) → -12880.8440
14:28:29 INFO: [ls_stage2] Iter 20 : Improved with move ('swap', 157, 249) → -12868.4543
14:30:32 INFO: [ls_stage2] Iter 21 : Improved with move ('swap', 32, 180) → -12850.8763
14:32:34 INFO: [ls_stage2] Iter 22 : Improved with move ('swap', 5, 292) → -12831.1550
14:34:34 INFO: [ls_stage2] Iter 23 : Improved with move ('item', 117, -5) → -12823.8350
14:36:36 INFO: [ls_stage2] Iter 24 : Improved with move ('swap', 3, 285) → -12809.8517
14:38:38 INFO: [ls_stage2] Iter 25 : Improved with move ('swap', 0, 229) → -12795.7703
14:40:42 INFO: [ls_stage2] Iter 26 No improvement
14:40:42 INFO: [ls_stage2] Iter 27 No improvement
14:40:42 INFO: [ls_stage2] Iter 28 No improvement
14:40:42 INFO: [ls_stage2] Iter 29 No improvement
14:40:42 INFO: [ls_stage2] Converged after 5 iters without improvement
14:40:42 INFO: Stage 2 solved.
14:40:49 WARNING: Task designing ended. Optimizer designed 290 tasks.
14:40:49 INFO: Task 1389 got stuck at workstation 0 -> heading to the pod storage location.
14:40:49 INFO: Task 1338 got stuck at workstation 2 -> heading to the pod storage location.
14:40:49 INFO: Task 1402 got stuck at workstation 3 -> heading to the pod storage location.
14:40:49 INFO: Solving stage 1 ... 
14:40:49 INFO: 
[ls_stage1] Building initial solution ...
14:40:51 INFO: [ls_stage1] Feasible initial solution: obj = 270.0000
14:40:56 INFO: [ls_stage1] Iter 1 : Improved with move ('swap', 89, 151) → 268.0000
14:41:00 INFO: [ls_stage1] Iter 2 : Improved with move ('swap', 142, 295) → 266.0000
14:41:05 INFO: [ls_stage1] Iter 3 : Improved with move ('swap', 152, 202) → 264.0000
14:41:09 INFO: [ls_stage1] Iter 4 : Improved with move ('swap', 226, 256) → 262.0000
14:41:14 INFO: [ls_stage1] Iter 5 : Improved with move ('swap', 131, 162) → 260.0000
14:41:18 INFO: [ls_stage1] Iter 6 : Improved with move ('swap', 97, 221) → 258.0000
14:41:22 INFO: [ls_stage1] Iter 7 : Improved with move ('swap', 154, 271) → 256.0000
14:41:27 INFO: [ls_stage1] Iter 8 : Improved with move ('swap', 62, 98) → 255.0000
14:41:31 INFO: [ls_stage1] Iter 9 : Improved with move ('swap', 49, 177) → 254.0000
14:41:36 INFO: [ls_stage1] Iter 10 : Improved with move ('swap', 22, 218) → 253.0000
14:41:40 INFO: [ls_stage1] Iter 11 : Improved with move ('swap', 30, 100) → 252.0000
14:41:45 INFO: [ls_stage1] Iter 12 : Improved with move ('swap', 100, 265) → 251.0000
14:41:49 INFO: [ls_stage1] Iter 13 : Improved with move ('swap', 120, 167) → 250.0000
14:41:54 INFO: [ls_stage1] Iter 14 : Improved with move ('swap', 92, 261) → 249.0000
14:41:58 INFO: [ls_stage1] Iter 15 : Improved with move ('swap', 124, 198) → 248.0000
14:42:03 INFO: [ls_stage1] Iter 16 : Improved with move ('swap', 49, 126) → 247.0000
14:42:07 INFO: [ls_stage1] Iter 17 : Improved with move ('swap', 6, 90) → 246.0000
14:42:12 INFO: [ls_stage1] Iter 18 : Improved with move ('swap', 169, 294) → 245.0000
14:42:16 INFO: [ls_stage1] Iter 19 : Improved with move ('swap', 36, 144) → 244.0000
14:42:21 INFO: [ls_stage1] Iter 20 : Improved with move ('swap', 66, 115) → 243.0000
14:42:25 INFO: [ls_stage1] Iter 21 : Improved with move ('swap', 46, 175) → 242.0000
14:42:29 INFO: [ls_stage1] Iter 22 : Improved with move ('swap', 155, 250) → 241.0000
14:42:34 INFO: [ls_stage1] Iter 23 : Improved with move ('swap', 164, 298) → 240.0000
14:42:38 INFO: [ls_stage1] Iter 24 : Improved with move ('swap', 87, 289) → 239.0000
14:42:43 INFO: [ls_stage1] Iter 25 : No improvement
14:42:48 INFO: [ls_stage1] Iter 26 : Improved with move ('swap', 212, 283) → 238.0000
14:42:52 INFO: [ls_stage1] Iter 27 : No improvement
14:42:57 INFO: [ls_stage1] Iter 28 : Improved with move ('swap', 8, 254) → 237.0000
14:43:01 INFO: [ls_stage1] Iter 29 : No improvement
14:43:05 INFO: [ls_stage1] Iter 30 : Improved with move ('swap', 173, 225) → 236.0000
14:43:05 INFO: Stage 1 solved.
14:43:05 INFO: Solving stage 2 ... 
14:43:06 INFO: 
[ls_stage2] Building initial solution ...
14:45:02 INFO: [ls_stage2] violated = ['EC16']
14:46:58 INFO: [ls_stage2] Feasible initial solution: obj = -14870.6193
14:48:57 INFO: [ls_stage2] Iter 1 : Improved with move ('swap', 109, 253) → -14846.2393
14:50:57 INFO: [ls_stage2] Iter 2 : Improved with move ('swap', 14, 273) → -14819.9878
14:52:57 INFO: [ls_stage2] Iter 3 : Improved with move ('swap', 64, 268) → -14796.3352
14:54:58 INFO: [ls_stage2] Iter 4 : Improved with move ('swap', 2, 70) → -14774.8202
14:56:57 INFO: [ls_stage2] Iter 5 : Improved with move ('swap', 27, 288) → -14749.6097
14:58:57 INFO: [ls_stage2] Iter 6 : Improved with move ('swap', 85, 243) → -14736.2342
15:00:57 INFO: [ls_stage2] Iter 7 : Improved with move ('swap', 88, 266) → -14710.1627
15:02:56 INFO: [ls_stage2] Iter 8 : Improved with move ('swap', 21, 71) → -14691.6677
15:04:56 INFO: [ls_stage2] Iter 9 No improvement
15:04:56 INFO: [ls_stage2] Iter 10 No improvement
15:04:56 INFO: [ls_stage2] Iter 11 No improvement
15:04:56 INFO: [ls_stage2] Iter 12 No improvement
15:04:57 INFO: [ls_stage2] Converged after 5 iters without improvement
15:04:57 INFO: Stage 2 solved.
15:05:03 WARNING: Task designing ended. Optimizer designed 284 tasks.
15:05:03 INFO: Task 1682 got stuck at workstation 3 -> heading to the pod storage location.
15:05:03 INFO:   END SIMULATION.

15:05:03 INFO: Writing statistics report ...
15:05:03 INFO: Report saved to: c:\Users\chiod\Documents\Tesi_LM\Simulator\output\reports\Opt_True\report_11_OptTrue_Seed343310.txt
