2026-06-25 22:31:05 INFO: Warehouse initialization | grid=10x20, physical=23x25, num_skus=4000, num_robots=20, num_ws=4
2026-06-25 22:31:05 INFO: Warehouse initialized | 200 pods  (average number of skus per pod = 21.91), 4 workstations, 20 robots
2026-06-25 22:31:05 INFO: [OptManager] Building time-space network ...
2026-06-25 22:31:05 INFO: [OptManager] Network ready: 10200 nodes, 76486 travelling arcs, 9996 idle arcs.
2026-06-25 22:31:05 INFO: 
=============================================
2026-06-25 22:31:05 INFO:   START SIMULATION  {TIME HORIZON = 01:00:00}
2026-06-25 22:31:05 DEBUG:    EVENT NUM 1     current_time = 00:00:00   ARRIVAL_ORDER         [queue size = 1]
2026-06-25 22:31:05 DEBUG: Order 0 arrived: items_required = [1954, 3042].     [orders_in_system = 1]
2026-06-25 22:31:05 DEBUG: Order 1 arrived: items_required = [2455, 1436].     [orders_in_system = 2]
2026-06-25 22:31:05 DEBUG: Order 2 arrived: items_required = [1726, 2153].     [orders_in_system = 3]
2026-06-25 22:31:05 DEBUG: Order 3 arrived: items_required = [1538, 1919].     [orders_in_system = 4]
2026-06-25 22:31:05 DEBUG: Order 4 arrived: items_required = [2120].     [orders_in_system = 5]
2026-06-25 22:31:05 DEBUG: Order 5 arrived: items_required = [971, 1699].     [orders_in_system = 6]
2026-06-25 22:31:05 DEBUG: Order 6 arrived: items_required = [3266].     [orders_in_system = 7]
2026-06-25 22:31:05 DEBUG: Order 7 arrived: items_required = [2375].     [orders_in_system = 8]
2026-06-25 22:31:05 DEBUG: Order 8 arrived: items_required = [2296, 2188].     [orders_in_system = 9]
2026-06-25 22:31:05 DEBUG: Order 9 arrived: items_required = [2698, 2784].     [orders_in_system = 10]
2026-06-25 22:31:05 DEBUG: Order 10 arrived: items_required = [816].     [orders_in_system = 11]
2026-06-25 22:31:05 DEBUG: Order 11 arrived: items_required = [1107].     [orders_in_system = 12]
2026-06-25 22:31:05 DEBUG: Order 12 arrived: items_required = [2334].     [orders_in_system = 13]
2026-06-25 22:31:05 DEBUG: Order 13 arrived: items_required = [2487, 381].     [orders_in_system = 14]
2026-06-25 22:31:05 DEBUG: Order 14 arrived: items_required = [1393].     [orders_in_system = 15]
2026-06-25 22:31:05 DEBUG: Order 15 arrived: items_required = [808].     [orders_in_system = 16]
2026-06-25 22:31:05 DEBUG: Order 16 arrived: items_required = [2946, 1242, 2180].     [orders_in_system = 17]
2026-06-25 22:31:05 DEBUG: Order 17 arrived: items_required = [1255].     [orders_in_system = 18]
2026-06-25 22:31:05 DEBUG: Order 18 arrived: items_required = [1760].     [orders_in_system = 19]
2026-06-25 22:31:05 DEBUG: Order 19 arrived: items_required = [1840, 1793, 2129].     [orders_in_system = 20]
2026-06-25 22:31:05 DEBUG: Order 20 arrived: items_required = [1213, 1563].     [orders_in_system = 21]
2026-06-25 22:31:05 DEBUG: Order 21 arrived: items_required = [1492, 3333].     [orders_in_system = 22]
2026-06-25 22:31:05 DEBUG: Order 22 arrived: items_required = [955].     [orders_in_system = 23]
2026-06-25 22:31:05 DEBUG: Order 23 arrived: items_required = [1689, 3088].     [orders_in_system = 24]
2026-06-25 22:31:05 DEBUG: Order 24 arrived: items_required = [1282, 2173].     [orders_in_system = 25]
2026-06-25 22:31:05 DEBUG: Order 25 arrived: items_required = [1590, 1221].     [orders_in_system = 26]
2026-06-25 22:31:05 DEBUG: Order 26 arrived: items_required = [1019].     [orders_in_system = 27]
2026-06-25 22:31:05 DEBUG: Order 27 arrived: items_required = [2411].     [orders_in_system = 28]
2026-06-25 22:31:05 DEBUG: Order 28 arrived: items_required = [2854].     [orders_in_system = 29]
2026-06-25 22:31:05 DEBUG: Order 29 arrived: items_required = [1984, 2481].     [orders_in_system = 30]
2026-06-25 22:31:05 DEBUG: Order 30 arrived: items_required = [1730].     [orders_in_system = 31]
2026-06-25 22:31:05 DEBUG: Order 31 arrived: items_required = [2583].     [orders_in_system = 32]
2026-06-25 22:31:05 DEBUG: Order 32 arrived: items_required = [2933].     [orders_in_system = 33]
2026-06-25 22:31:05 DEBUG: Order 33 arrived: items_required = [2088].     [orders_in_system = 34]
2026-06-25 22:31:05 DEBUG: Order 34 arrived: items_required = [1608, 2012].     [orders_in_system = 35]
2026-06-25 22:31:05 DEBUG: Order 35 arrived: items_required = [1490, 2738].     [orders_in_system = 36]
2026-06-25 22:31:05 DEBUG: Order 36 arrived: items_required = [2924, 3461].     [orders_in_system = 37]
2026-06-25 22:31:05 DEBUG: Order 37 arrived: items_required = [2911, 2520, 1051].     [orders_in_system = 38]
2026-06-25 22:31:05 DEBUG: Order 38 arrived: items_required = [499, 1525].     [orders_in_system = 39]
2026-06-25 22:31:05 DEBUG: Order 39 arrived: items_required = [1035, 2052].     [orders_in_system = 40]
2026-06-25 22:31:05 DEBUG: Order 40 arrived: items_required = [1971, 1270].     [orders_in_system = 41]
2026-06-25 22:31:05 DEBUG: Order 41 arrived: items_required = [2109, 846, 466].     [orders_in_system = 42]
2026-06-25 22:31:05 DEBUG: Order 42 arrived: items_required = [2947, 1052].     [orders_in_system = 43]
2026-06-25 22:31:05 DEBUG: Order 43 arrived: items_required = [3066, 1983].     [orders_in_system = 44]
2026-06-25 22:31:05 DEBUG: Order 44 arrived: items_required = [3712, 3034].     [orders_in_system = 45]
2026-06-25 22:31:05 DEBUG: Order 45 arrived: items_required = [984, 2303].     [orders_in_system = 46]
2026-06-25 22:31:05 DEBUG: Order 46 arrived: items_required = [2243, 3031].     [orders_in_system = 47]
2026-06-25 22:31:05 DEBUG: Order 47 arrived: items_required = [2213].     [orders_in_system = 48]
2026-06-25 22:31:05 DEBUG: Order 48 arrived: items_required = [2304, 1729, 3013, 1042, 2442].     [orders_in_system = 49]
2026-06-25 22:31:05 DEBUG: Order 49 arrived: items_required = [896].     [orders_in_system = 50]
2026-06-25 22:31:05 DEBUG: Order 50 arrived: items_required = [2271].     [orders_in_system = 51]
2026-06-25 22:31:05 DEBUG: Order 51 arrived: items_required = [3010, 2271].     [orders_in_system = 52]
2026-06-25 22:31:05 DEBUG: Order 52 arrived: items_required = [1239, 1641].     [orders_in_system = 53]
2026-06-25 22:31:05 DEBUG: Order 53 arrived: items_required = [2277].     [orders_in_system = 54]
2026-06-25 22:31:05 DEBUG: Order 54 arrived: items_required = [1381].     [orders_in_system = 55]
2026-06-25 22:31:05 DEBUG: Order 55 arrived: items_required = [2768, 3601].     [orders_in_system = 56]
2026-06-25 22:31:05 DEBUG: Order 56 arrived: items_required = [2360].     [orders_in_system = 57]
2026-06-25 22:31:05 DEBUG: Order 57 arrived: items_required = [2275, 1996, 1727].     [orders_in_system = 58]
2026-06-25 22:31:05 DEBUG: Order 58 arrived: items_required = [1547].     [orders_in_system = 59]
2026-06-25 22:31:05 DEBUG: Order 59 arrived: items_required = [1800].     [orders_in_system = 60]
2026-06-25 22:31:05 DEBUG: Order 60 arrived: items_required = [2237, 597].     [orders_in_system = 61]
2026-06-25 22:31:05 DEBUG: Order 61 arrived: items_required = [1921, 2443].     [orders_in_system = 62]
2026-06-25 22:31:05 DEBUG: Order 62 arrived: items_required = [2714].     [orders_in_system = 63]
2026-06-25 22:31:05 DEBUG: Order 63 arrived: items_required = [1603, 2987].     [orders_in_system = 64]
2026-06-25 22:31:05 DEBUG: Order 64 arrived: items_required = [2395, 1913].     [orders_in_system = 65]
2026-06-25 22:31:05 DEBUG: Order 65 arrived: items_required = [1012].     [orders_in_system = 66]
2026-06-25 22:31:05 DEBUG: Order 66 arrived: items_required = [2762, 1740].     [orders_in_system = 67]
2026-06-25 22:31:05 DEBUG: Order 67 arrived: items_required = [1225].     [orders_in_system = 68]
2026-06-25 22:31:05 DEBUG: Order 68 arrived: items_required = [3503, 2902].     [orders_in_system = 69]
2026-06-25 22:31:05 DEBUG: Order 69 arrived: items_required = [2660].     [orders_in_system = 70]
2026-06-25 22:31:05 DEBUG: Order 70 arrived: items_required = [2223, 1919].     [orders_in_system = 71]
2026-06-25 22:31:05 DEBUG: Order 71 arrived: items_required = [2082].     [orders_in_system = 72]
2026-06-25 22:31:05 DEBUG: Order 72 arrived: items_required = [1391, 2906].     [orders_in_system = 73]
2026-06-25 22:31:06 DEBUG: Order 73 arrived: items_required = [2202].     [orders_in_system = 74]
2026-06-25 22:31:06 DEBUG: Order 74 arrived: items_required = [1875, 1483].     [orders_in_system = 75]
2026-06-25 22:31:06 DEBUG: Order 75 arrived: items_required = [1923].     [orders_in_system = 76]
2026-06-25 22:31:06 DEBUG: Order 76 arrived: items_required = [1449].     [orders_in_system = 77]
2026-06-25 22:31:06 DEBUG: Order 77 arrived: items_required = [1875, 2288].     [orders_in_system = 78]
2026-06-25 22:31:06 DEBUG: Order 78 arrived: items_required = [1491].     [orders_in_system = 79]
2026-06-25 22:31:06 DEBUG: Order 79 arrived: items_required = [3366, 2164].     [orders_in_system = 80]
2026-06-25 22:31:06 DEBUG: Order 80 arrived: items_required = [2156, 1989].     [orders_in_system = 81]
2026-06-25 22:31:06 DEBUG: Order 81 arrived: items_required = [3813].     [orders_in_system = 82]
2026-06-25 22:31:06 DEBUG: Order 82 arrived: items_required = [1429, 911].     [orders_in_system = 83]
2026-06-25 22:31:06 DEBUG: Order 83 arrived: items_required = [1362].     [orders_in_system = 84]
2026-06-25 22:31:06 DEBUG: Order 84 arrived: items_required = [1775, 2064].     [orders_in_system = 85]
2026-06-25 22:31:06 DEBUG: Order 85 arrived: items_required = [1848].     [orders_in_system = 86]
2026-06-25 22:31:06 DEBUG: Order 86 arrived: items_required = [2662, 2007].     [orders_in_system = 87]
2026-06-25 22:31:06 DEBUG: Order 87 arrived: items_required = [1382, 2606].     [orders_in_system = 88]
2026-06-25 22:31:06 DEBUG: Order 88 arrived: items_required = [2674].     [orders_in_system = 89]
2026-06-25 22:31:06 DEBUG: Order 89 arrived: items_required = [1649].     [orders_in_system = 90]
2026-06-25 22:31:06 DEBUG: Order 90 arrived: items_required = [2004, 1377].     [orders_in_system = 91]
2026-06-25 22:31:06 DEBUG: Order 91 arrived: items_required = [2347, 1327, 740, 1485].     [orders_in_system = 92]
2026-06-25 22:31:06 DEBUG: Order 92 arrived: items_required = [2685].     [orders_in_system = 93]
2026-06-25 22:31:06 DEBUG: Order 93 arrived: items_required = [1583, 2131].     [orders_in_system = 94]
2026-06-25 22:31:06 DEBUG: Order 94 arrived: items_required = [2064, 1215].     [orders_in_system = 95]
2026-06-25 22:31:06 DEBUG: Order 95 arrived: items_required = [2089, 2154, 1351].     [orders_in_system = 96]
2026-06-25 22:31:06 DEBUG: Order 96 arrived: items_required = [2279].     [orders_in_system = 97]
2026-06-25 22:31:06 DEBUG: Order 97 arrived: items_required = [1376].     [orders_in_system = 98]
2026-06-25 22:31:06 DEBUG: Order 98 arrived: items_required = [2572, 2040].     [orders_in_system = 99]
2026-06-25 22:31:06 DEBUG: Order 99 arrived: items_required = [1905, 1825].     [orders_in_system = 100]
2026-06-25 22:31:06 DEBUG:    EVENT NUM 2     current_time = 00:00:01   RUN_OPTIMIZER         [queue size = 1]
2026-06-25 22:31:06 INFO: Solving stage 1 ... 
2026-06-25 22:31:06 INFO: 
[ls_stage1] Building initial solution ...
2026-06-25 22:31:06 INFO: [ls_stage1] Feasible initial solution: obj = 128.0000
2026-06-25 22:31:12 INFO: [ls_stage1] Iter 1 : Improved with move ('swap', 1, 38) → 126.0000
2026-06-25 22:31:18 INFO: [ls_stage1] Iter 2 : Improved with move ('swap', 21, 27) → 124.0000
2026-06-25 22:31:24 INFO: [ls_stage1] Iter 3 : Improved with move ('swap', 44, 84) → 122.0000
2026-06-25 22:31:30 INFO: [ls_stage1] Iter 4 : Improved with move ('swap', 13, 34) → 121.0000
2026-06-25 22:31:36 INFO: [ls_stage1] Iter 5 : Improved with move ('swap', 11, 50) → 120.0000
2026-06-25 22:31:42 INFO: [ls_stage1] Iter 6 : Improved with move ('moveto', 18, 0) → 119.0000
