08:26:34 INFO: Warehouse initialization | grid=10x10, physical=23x15, num_skus=2000, num_robots=20, num_ws=4
08:26:34 INFO: Warehouse initialized | 100 pods  (average number of skus per pod = 21.86), 4 workstations, 20 robots
08:26:34 INFO: [OptManager] Building time-space network ...
08:26:34 INFO: [OptManager] Network ready: 10400 nodes, 79608 travelling arcs, 10296 idle arcs.
08:26:34 INFO: 
=============================================
08:26:34 INFO:   START SIMULATION  {TIME HORIZON = 02:00:00}
08:26:34 INFO: Solving stage 1 ... 
08:26:34 INFO: 
[ls_stage1] Building initial solution ...
08:26:34 INFO: [ls_stage1] Feasible initial solution: obj = 116.0000
08:26:36 INFO: [ls_stage1] Iter 1 : Improved with move ('swap', 54, 70) → 114.0000
08:26:38 INFO: [ls_stage1] Iter 2 : Improved with move ('swap', 36, 92) → 113.0000
08:26:40 INFO: [ls_stage1] Iter 3 : Improved with move ('swap', 42, 94) → 111.0000
08:26:41 INFO: [ls_stage1] Iter 4 : Improved with move ('swap', 40, 51) → 110.0000
08:26:43 INFO: [ls_stage1] Iter 5 : Improved with move ('swap', 63, 90) → 109.0000
08:26:44 INFO: [ls_stage1] Iter 6 : Improved with move ('swap', 54, 66) → 108.0000
08:26:46 INFO: [ls_stage1] Iter 7 : Improved with move ('swap', 32, 71) → 107.0000
08:26:47 INFO: [ls_stage1] Iter 8 : Improved with move ('swap', 65, 103) → 106.0000
08:26:49 INFO: [ls_stage1] Iter 9 : Improved with move ('moveto', 84, 3) → 105.0000
08:26:50 INFO: [ls_stage1] Iter 10 : Improved with move ('moveto', 82, 3) → 104.0000
08:26:52 INFO: [ls_stage1] Iter 11 : Improved with move ('moveto', 8, 1) → 103.0000
08:26:53 INFO: [ls_stage1] Iter 12 : No improvement
08:26:55 INFO: [ls_stage1] Iter 13 : Improved with move ('moveto', 35, 1) → 102.0000
08:26:56 INFO: [ls_stage1] Iter 14 : Improved with move ('moveto', 98, 3) → 101.0000
08:26:58 INFO: [ls_stage1] Iter 15 : No improvement
08:26:59 INFO: [ls_stage1] Iter 16 : No improvement
08:27:01 INFO: [ls_stage1] Iter 17 : No improvement
08:27:02 INFO: [ls_stage1] Iter 18 : No improvement
08:27:04 INFO: [ls_stage1] Converged after 5 iters without improvement
08:27:04 INFO: Stage 1 solved.
08:27:04 INFO: Solving stage 2 ... 
08:27:04 INFO: 
[ls_stage2] Building initial solution ...
08:27:33 INFO: [ls_stage2] Feasible initial solution: obj = 142.1543
08:28:02 INFO: [ls_stage2] Iter 1 : Improved with move ('swap', 76, 104) → 142.6190
08:28:34 INFO: [ls_stage2] Iter 2 : Improved with move ('item', 21, -5) → 142.7390
08:29:07 INFO: [ls_stage2] Iter 3 : Improved with move ('item', 43, -5) → 142.8440
08:29:37 INFO: [ls_stage2] Iter 4 No improvement
08:29:38 INFO: [ls_stage2] Iter 5 No improvement
08:29:38 INFO: [ls_stage2] Iter 6 No improvement
08:29:38 INFO: [ls_stage2] Iter 7 No improvement
08:29:38 INFO: [ls_stage2] Converged after 5 iters without improvement
08:29:38 INFO: Stage 2 solved.
08:29:40 WARNING: Task designing ended. Optimizer designed 131 tasks.
08:29:40 INFO: Solving stage 1 ... 
08:29:40 INFO: 
[ls_stage1] Building initial solution ...
08:29:40 INFO: [ls_stage1] Feasible initial solution: obj = 124.0000
08:29:42 INFO: [ls_stage1] Iter 1 : Improved with move ('swap', 36, 70) → 121.0000
08:29:43 INFO: [ls_stage1] Iter 2 : Improved with move ('swap', 40, 91) → 119.0000
08:29:45 INFO: [ls_stage1] Iter 3 : Improved with move ('swap', 44, 95) → 117.0000
08:29:46 INFO: [ls_stage1] Iter 4 : Improved with move ('swap', 14, 76) → 115.0000
08:29:48 INFO: [ls_stage1] Iter 5 : Improved with move ('swap', 39, 94) → 113.0000
08:29:50 INFO: [ls_stage1] Iter 6 : Improved with move ('swap', 17, 18) → 111.0000
08:29:51 INFO: [ls_stage1] Iter 7 : Improved with move ('swap', 2, 5) → 109.0000
08:29:53 INFO: [ls_stage1] Iter 8 : Improved with move ('swap', 71, 84) → 108.0000
08:29:54 INFO: [ls_stage1] Iter 9 : No improvement
08:29:56 INFO: [ls_stage1] Iter 10 : Improved with move ('swap', 3, 74) → 107.0000
08:29:57 INFO: [ls_stage1] Iter 11 : Improved with move ('swap', 8, 43) → 106.0000
08:29:59 INFO: [ls_stage1] Iter 12 : No improvement
08:30:01 INFO: [ls_stage1] Iter 13 : Improved with move ('moveto', 55, 2) → 105.0000
08:30:02 INFO: [ls_stage1] Iter 14 : No improvement
08:30:04 INFO: [ls_stage1] Iter 15 : No improvement
08:30:05 INFO: [ls_stage1] Iter 16 : Improved with move ('moveto', 31, 3) → 104.0000
08:30:07 INFO: [ls_stage1] Iter 17 : No improvement
08:30:08 INFO: [ls_stage1] Iter 18 : No improvement
08:30:10 INFO: [ls_stage1] Iter 19 : No improvement
08:30:12 INFO: [ls_stage1] Iter 20 : No improvement
08:30:13 INFO: [ls_stage1] Converged after 5 iters without improvement
08:30:13 INFO: Stage 1 solved.
08:30:13 INFO: Solving stage 2 ... 
08:30:13 INFO: 
[ls_stage2] Building initial solution ...
08:30:42 INFO: [ls_stage2] Feasible initial solution: obj = -165.4510
08:31:13 INFO: [ls_stage2] Iter 1 : Improved with move ('swap', 8, 98) → -156.3390
08:31:43 INFO: [ls_stage2] Iter 2 No improvement
08:31:43 INFO: [ls_stage2] Iter 3 No improvement
08:31:43 INFO: [ls_stage2] Iter 4 No improvement
08:31:43 INFO: [ls_stage2] Iter 5 No improvement
08:31:43 INFO: [ls_stage2] Converged after 5 iters without improvement
08:31:43 INFO: Stage 2 solved.
08:31:45 WARNING: Task designing ended. Optimizer designed 138 tasks.
08:31:45 INFO: Solving stage 1 ... 
08:31:45 INFO: 
[ls_stage1] Building initial solution ...
08:31:45 INFO: [ls_stage1] Feasible initial solution: obj = 115.0000
08:31:47 INFO: [ls_stage1] Iter 1 : Improved with move ('swap', 72, 88) → 113.0000
08:31:48 INFO: [ls_stage1] Iter 2 : Improved with move ('swap', 65, 79) → 111.0000
08:31:50 INFO: [ls_stage1] Iter 3 : Improved with move ('swap', 34, 61) → 109.0000
08:31:52 INFO: [ls_stage1] Iter 4 : Improved with move ('swap', 14, 36) → 108.0000
08:31:53 INFO: [ls_stage1] Iter 5 : No improvement
08:31:55 INFO: [ls_stage1] Iter 6 : Improved with move ('swap', 8, 14) → 107.0000
08:31:56 INFO: [ls_stage1] Iter 7 : Improved with move ('swap', 79, 84) → 106.0000
08:31:58 INFO: [ls_stage1] Iter 8 : Improved with move ('swap', 4, 52) → 105.0000
08:32:00 INFO: [ls_stage1] Iter 9 : No improvement
08:32:01 INFO: [ls_stage1] Iter 10 : Improved with move ('swap', 4, 73) → 104.0000
08:32:03 INFO: [ls_stage1] Iter 11 : No improvement
08:32:04 INFO: [ls_stage1] Iter 12 : Improved with move ('swap', 29, 69) → 103.0000
08:32:06 INFO: [ls_stage1] Iter 13 : No improvement
08:32:08 INFO: [ls_stage1] Iter 14 : Improved with move ('repod', 70, 85) → 102.0000
08:32:09 INFO: [ls_stage1] Iter 15 : No improvement
08:32:11 INFO: [ls_stage1] Iter 16 : No improvement
08:32:12 INFO: [ls_stage1] Iter 17 : No improvement
08:32:14 INFO: [ls_stage1] Iter 18 : No improvement
08:32:16 INFO: [ls_stage1] Converged after 5 iters without improvement
08:32:16 INFO: Stage 1 solved.
08:32:16 INFO: Solving stage 2 ... 
08:32:16 INFO: 
[ls_stage2] Building initial solution ...
08:32:44 INFO: [ls_stage2] Feasible initial solution: obj = -186.9510
08:33:13 INFO: [ls_stage2] Iter 1 No improvement
08:33:14 INFO: [ls_stage2] Iter 2 No improvement
08:33:14 INFO: [ls_stage2] Iter 3 No improvement
08:33:14 INFO: [ls_stage2] Iter 4 No improvement
08:33:14 INFO: [ls_stage2] Converged after 5 iters without improvement
08:33:14 INFO: Stage 2 solved.
08:33:15 WARNING: Task designing ended. Optimizer designed 139 tasks.
08:33:15 INFO: Solving stage 1 ... 
08:33:15 INFO: 
[ls_stage1] Building initial solution ...
08:33:15 INFO: [ls_stage1] Feasible initial solution: obj = 122.0000
08:33:17 INFO: [ls_stage1] Iter 1 : Improved with move ('swap', 14, 21) → 120.0000
08:33:19 INFO: [ls_stage1] Iter 2 : Improved with move ('swap', 1, 38) → 119.0000
08:33:20 INFO: [ls_stage1] Iter 3 : Improved with move ('swap', 15, 63) → 117.0000
08:33:23 INFO: [ls_stage1] Iter 4 : Improved with move ('swap', 53, 56) → 116.0000
08:33:24 INFO: [ls_stage1] Iter 5 : Improved with move ('swap', 36, 89) → 115.0000
08:33:26 INFO: [ls_stage1] Iter 6 : Improved with move ('swap', 75, 87) → 114.0000
08:33:27 INFO: [ls_stage1] Iter 7 : Improved with move ('swap', 12, 95) → 113.0000
08:33:29 INFO: [ls_stage1] Iter 8 : Improved with move ('swap', 60, 97) → 112.0000
08:33:31 INFO: [ls_stage1] Iter 9 : Improved with move ('swap', 16, 80) → 111.0000
08:33:32 INFO: [ls_stage1] Iter 10 : No improvement
08:33:34 INFO: [ls_stage1] Iter 11 : Improved with move ('swap', 19, 55) → 110.0000
08:33:35 INFO: [ls_stage1] Iter 12 : No improvement
08:33:37 INFO: [ls_stage1] Iter 13 : Improved with move ('swap', 51, 52) → 108.0000
08:33:39 INFO: [ls_stage1] Iter 14 : Improved with move ('moveto', 31, 3) → 107.0000
08:33:40 INFO: [ls_stage1] Iter 15 : No improvement
08:33:42 INFO: [ls_stage1] Iter 16 : No improvement
08:33:43 INFO: [ls_stage1] Iter 17 : No improvement
08:33:45 INFO: [ls_stage1] Iter 18 : Improved with move ('swap', 43, 55) → 106.0000
08:33:47 INFO: [ls_stage1] Iter 19 : No improvement
08:33:48 INFO: [ls_stage1] Iter 20 : Improved with move ('swap', 24, 99) → 105.0000
08:33:50 INFO: [ls_stage1] Iter 21 : No improvement
08:33:51 INFO: [ls_stage1] Iter 22 : No improvement
08:33:53 INFO: [ls_stage1] Iter 23 : No improvement
08:33:55 INFO: [ls_stage1] Iter 24 : No improvement
08:33:56 INFO: [ls_stage1] Converged after 5 iters without improvement
08:33:56 INFO: Stage 1 solved.
08:33:56 INFO: Solving stage 2 ... 
08:33:56 INFO: 
[ls_stage2] Building initial solution ...
08:34:23 INFO: [ls_stage2] Feasible initial solution: obj = -190.5943
08:34:51 INFO: [ls_stage2] Iter 1 : Improved with move ('swap', 23, 84) → -186.0527
08:35:21 INFO: [ls_stage2] Iter 2 : Improved with move ('swap', 39, 90) → -180.3793
08:35:49 INFO: [ls_stage2] Iter 3 No improvement
08:35:49 INFO: [ls_stage2] Iter 4 No improvement
08:35:49 INFO: [ls_stage2] Iter 5 No improvement
08:35:49 INFO: [ls_stage2] Iter 6 No improvement
08:35:49 INFO: [ls_stage2] Converged after 5 iters without improvement
08:35:49 INFO: Stage 2 solved.
08:35:50 WARNING: Task designing ended. Optimizer designed 145 tasks.
08:35:50 INFO: Solving stage 1 ... 
08:35:50 INFO: 
[ls_stage1] Building initial solution ...
08:35:51 INFO: [ls_stage1] Feasible initial solution: obj = 116.0000
08:35:53 INFO: [ls_stage1] Iter 1 : Improved with move ('swap', 24, 71) → 114.0000
08:35:54 INFO: [ls_stage1] Iter 2 : Improved with move ('swap', 74, 98) → 112.0000
08:35:56 INFO: [ls_stage1] Iter 3 : Improved with move ('swap', 33, 81) → 109.0000
08:35:57 INFO: [ls_stage1] Iter 4 : Improved with move ('swap', 67, 95) → 108.0000
08:35:59 INFO: [ls_stage1] Iter 5 : Improved with move ('swap', 39, 59) → 107.0000
08:36:00 INFO: [ls_stage1] Iter 6 : Improved with move ('swap', 3, 99) → 106.0000
08:36:02 INFO: [ls_stage1] Iter 7 : Improved with move ('swap', 14, 23) → 104.0000
08:36:03 INFO: [ls_stage1] Iter 8 : Improved with move ('moveto', 50, 3) → 103.0000
08:36:05 INFO: [ls_stage1] Iter 9 : Improved with move ('swap', 34, 71) → 102.0000
08:36:06 INFO: [ls_stage1] Iter 10 : Improved with move ('swap', 28, 64) → 101.0000
08:36:08 INFO: [ls_stage1] Iter 11 : Improved with move ('swap', 49, 55) → 100.0000
08:36:09 INFO: [ls_stage1] Iter 12 : No improvement
08:36:11 INFO: [ls_stage1] Iter 13 : Improved with move ('swap', 0, 82) → 99.0000
08:36:12 INFO: [ls_stage1] Iter 14 : No improvement
08:36:14 INFO: [ls_stage1] Iter 15 : No improvement
08:36:15 INFO: [ls_stage1] Iter 16 : No improvement
08:36:17 INFO: [ls_stage1] Iter 17 : No improvement
08:36:18 INFO: [ls_stage1] Converged after 5 iters without improvement
08:36:18 INFO: Stage 1 solved.
08:36:18 INFO: Solving stage 2 ... 
08:36:19 INFO: 
[ls_stage2] Building initial solution ...
08:36:46 INFO: [ls_stage2] Feasible initial solution: obj = -132.3297
08:37:15 INFO: [ls_stage2] Iter 1 : Improved with move ('swap', 3, 47) → -129.0797
08:37:44 INFO: [ls_stage2] Iter 2 : Improved with move ('swap', 19, 89) → -120.4833
08:38:13 INFO: [ls_stage2] Iter 3 : Improved with move ('swap', 20, 63) → -117.9167
08:38:43 INFO: [ls_stage2] Iter 4 : Improved with move ('swap', 13, 91) → -111.1113
08:39:13 INFO: [ls_stage2] Iter 5 : Improved with move ('swap', 71, 92) → -109.0033
08:39:42 INFO: [ls_stage2] Iter 6 No improvement
08:39:42 INFO: [ls_stage2] Iter 7 No improvement
08:39:42 INFO: [ls_stage2] Iter 8 No improvement
08:39:42 INFO: [ls_stage2] Iter 9 No improvement
08:39:42 INFO: [ls_stage2] Converged after 5 iters without improvement
08:39:42 INFO: Stage 2 solved.
08:39:44 WARNING: Task designing ended. Optimizer designed 129 tasks.
08:39:44 INFO: Solving stage 1 ... 
08:39:44 INFO: 
[ls_stage1] Building initial solution ...
08:39:44 INFO: [ls_stage1] Feasible initial solution: obj = 121.0000
08:39:46 INFO: [ls_stage1] Iter 1 : Improved with move ('swap', 17, 83) → 119.0000
08:39:47 INFO: [ls_stage1] Iter 2 : Improved with move ('swap', 23, 60) → 116.0000
08:39:49 INFO: [ls_stage1] Iter 3 : Improved with move ('swap', 1, 82) → 114.0000
08:39:50 INFO: [ls_stage1] Iter 4 : Improved with move ('swap', 36, 78) → 112.0000
08:39:52 INFO: [ls_stage1] Iter 5 : Improved with move ('swap', 20, 25) → 110.0000
08:39:53 INFO: [ls_stage1] Iter 6 : Improved with move ('moveto', 93, 0) → 109.0000
08:39:55 INFO: [ls_stage1] Iter 7 : Improved with move ('swap', 13, 35) → 107.0000
08:39:56 INFO: [ls_stage1] Iter 8 : Improved with move ('swap', 41, 98) → 106.0000
08:39:58 INFO: [ls_stage1] Iter 9 : No improvement
08:39:59 INFO: [ls_stage1] Iter 10 : Improved with move ('moveto', 84, 2) → 105.0000
08:40:01 INFO: [ls_stage1] Iter 11 : Improved with move ('swap', 54, 76) → 104.0000
08:40:02 INFO: [ls_stage1] Iter 12 : Improved with move ('moveto', 89, 2) → 103.0000
08:40:04 INFO: [ls_stage1] Iter 13 : No improvement
08:40:05 INFO: [ls_stage1] Iter 14 : No improvement
08:40:07 INFO: [ls_stage1] Iter 15 : Improved with move ('swap', 39, 41) → 102.0000
08:40:08 INFO: [ls_stage1] Iter 16 : No improvement
08:40:10 INFO: [ls_stage1] Iter 17 : No improvement
08:40:11 INFO: [ls_stage1] Iter 18 : No improvement
08:40:13 INFO: [ls_stage1] Iter 19 : No improvement
08:40:15 INFO: [ls_stage1] Converged after 5 iters without improvement
08:40:15 INFO: Stage 1 solved.
08:40:15 INFO: Solving stage 2 ... 
08:40:15 INFO: 
[ls_stage2] Building initial solution ...
08:40:43 INFO: [ls_stage2] Feasible initial solution: obj = -123.7097
08:41:12 INFO: [ls_stage2] Iter 1 : Improved with move ('swap', 15, 94) → -119.2067
08:41:41 INFO: [ls_stage2] Iter 2 : Improved with move ('swap', 24, 96) → -113.1680
08:42:10 INFO: [ls_stage2] Iter 3 No improvement
08:42:10 INFO: [ls_stage2] Iter 4 No improvement
08:42:10 INFO: [ls_stage2] Iter 5 No improvement
08:42:10 INFO: [ls_stage2] Iter 6 No improvement
08:42:10 INFO: [ls_stage2] Converged after 5 iters without improvement
08:42:10 INFO: Stage 2 solved.
08:42:12 WARNING: Task designing ended. Optimizer designed 141 tasks.
08:42:12 INFO: Solving stage 1 ... 
08:42:12 INFO: 
[ls_stage1] Building initial solution ...
08:42:12 INFO: [ls_stage1] Feasible initial solution: obj = 110.0000
08:42:13 INFO: [ls_stage1] Iter 1 : Improved with move ('swap', 23, 27) → 109.0000
08:42:15 INFO: [ls_stage1] Iter 2 : Improved with move ('swap', 21, 77) → 107.0000
08:42:16 INFO: [ls_stage1] Iter 3 : Improved with move ('swap', 26, 68) → 105.0000
08:42:18 INFO: [ls_stage1] Iter 4 : Improved with move ('swap', 30, 96) → 104.0000
08:42:19 INFO: [ls_stage1] Iter 5 : Improved with move ('swap', 12, 50) → 103.0000
08:42:21 INFO: [ls_stage1] Iter 6 : Improved with move ('swap', 72, 78) → 102.0000
08:42:22 INFO: [ls_stage1] Iter 7 : Improved with move ('swap', 70, 75) → 101.0000
08:42:24 INFO: [ls_stage1] Iter 8 : No improvement
08:42:25 INFO: [ls_stage1] Iter 9 : Improved with move ('swap', 51, 56) → 100.0000
08:42:26 INFO: [ls_stage1] Iter 10 : No improvement
08:42:28 INFO: [ls_stage1] Iter 11 : No improvement
08:42:29 INFO: [ls_stage1] Iter 12 : Improved with move ('swap', 12, 89) → 99.0000
08:42:31 INFO: [ls_stage1] Iter 13 : No improvement
08:42:32 INFO: [ls_stage1] Iter 14 : Improved with move ('swap', 48, 63) → 98.0000
08:42:34 INFO: [ls_stage1] Iter 15 : No improvement
08:42:35 INFO: [ls_stage1] Iter 16 : No improvement
08:42:37 INFO: [ls_stage1] Iter 17 : No improvement
08:42:38 INFO: [ls_stage1] Iter 18 : No improvement
08:42:39 INFO: [ls_stage1] Converged after 5 iters without improvement
08:42:39 INFO: Stage 1 solved.
08:42:39 INFO: Solving stage 2 ... 
08:42:39 INFO: 
[ls_stage2] Building initial solution ...
08:43:05 INFO: [ls_stage2] Feasible initial solution: obj = -142.1633
08:43:33 INFO: [ls_stage2] Iter 1 : Improved with move ('swap', 19, 92) → -138.4403
08:44:00 INFO: [ls_stage2] Iter 2 : Improved with move ('swap', 42, 97) → -133.3047
08:44:28 INFO: [ls_stage2] Iter 3 No improvement
08:44:28 INFO: [ls_stage2] Iter 4 No improvement
08:44:28 INFO: [ls_stage2] Iter 5 No improvement
08:44:28 INFO: [ls_stage2] Iter 6 No improvement
08:44:28 INFO: [ls_stage2] Converged after 5 iters without improvement
08:44:28 INFO: Stage 2 solved.
08:44:30 WARNING: Task designing ended. Optimizer designed 125 tasks.
08:44:30 INFO: Solving stage 1 ... 
08:44:30 INFO: 
[ls_stage1] Building initial solution ...
08:44:30 INFO: [ls_stage1] Feasible initial solution: obj = 119.0000
08:44:32 INFO: [ls_stage1] Iter 1 : Improved with move ('swap', 6, 9) → 117.0000
08:44:33 INFO: [ls_stage1] Iter 2 : Improved with move ('swap', 17, 27) → 115.0000
08:44:35 INFO: [ls_stage1] Iter 3 : Improved with move ('swap', 53, 79) → 114.0000
08:44:36 INFO: [ls_stage1] Iter 4 : Improved with move ('swap', 39, 72) → 113.0000
08:44:38 INFO: [ls_stage1] Iter 5 : Improved with move ('swap', 30, 98) → 112.0000
08:44:39 INFO: [ls_stage1] Iter 6 : Improved with move ('swap', 16, 47) → 110.0000
08:44:41 INFO: [ls_stage1] Iter 7 : Improved with move ('swap', 8, 23) → 109.0000
08:44:42 INFO: [ls_stage1] Iter 8 : Improved with move ('moveto', 63, 0) → 108.0000
08:44:44 INFO: [ls_stage1] Iter 9 : Improved with move ('swap', 39, 59) → 107.0000
08:44:45 INFO: [ls_stage1] Iter 10 : Improved with move ('swap', 44, 77) → 106.0000
08:44:47 INFO: [ls_stage1] Iter 11 : Improved with move ('swap', 27, 29) → 105.0000
08:44:48 INFO: [ls_stage1] Iter 12 : No improvement
08:44:49 INFO: [ls_stage1] Iter 13 : No improvement
08:44:51 INFO: [ls_stage1] Iter 14 : No improvement
08:44:52 INFO: [ls_stage1] Iter 15 : No improvement
08:44:54 INFO: [ls_stage1] Iter 16 : Improved with move ('swap', 8, 28) → 104.0000
08:44:55 INFO: [ls_stage1] Iter 17 : No improvement
08:44:57 INFO: [ls_stage1] Iter 18 : No improvement
08:44:58 INFO: [ls_stage1] Iter 19 : No improvement
08:45:00 INFO: [ls_stage1] Iter 20 : No improvement
08:45:01 INFO: [ls_stage1] Iter 21 : Improved with move ('moveto', 21, 0) → 103.0000
08:45:03 INFO: [ls_stage1] Iter 22 : No improvement
08:45:04 INFO: [ls_stage1] Iter 23 : No improvement
08:45:06 INFO: [ls_stage1] Iter 24 : No improvement
08:45:07 INFO: [ls_stage1] Iter 25 : No improvement
08:45:09 INFO: [ls_stage1] Converged after 5 iters without improvement
08:45:09 INFO: Stage 1 solved.
08:45:09 INFO: Solving stage 2 ... 
08:45:09 INFO: 
[ls_stage2] Building initial solution ...
08:45:38 INFO: [ls_stage2] Feasible initial solution: obj = -142.0613
08:46:08 INFO: [ls_stage2] Iter 1 : Improved with move ('swap', 7, 74) → -135.6187
08:46:39 INFO: [ls_stage2] Iter 2 : Improved with move ('swap', 19, 62) → -132.5227
08:47:09 INFO: [ls_stage2] Iter 3 : Improved with move ('swap', 11, 52) → -128.5867
08:47:40 INFO: [ls_stage2] Iter 4 No improvement
08:47:40 INFO: [ls_stage2] Iter 5 No improvement
08:47:40 INFO: [ls_stage2] Iter 6 No improvement
08:47:40 INFO: [ls_stage2] Iter 7 No improvement
08:47:40 INFO: [ls_stage2] Converged after 5 iters without improvement
08:47:40 INFO: Stage 2 solved.
08:47:41 WARNING: Task designing ended. Optimizer designed 140 tasks.
08:47:42 INFO:   END SIMULATION.

08:47:42 INFO: Writing statistics report ...
08:47:42 INFO: Report saved to: c:\Users\chiod\Documents\Tesi_LM\Simulator\output\reports\Opt_True\report_3_OptTrue_Seed343310.txt
