22:44:19 INFO: Warehouse initialization | grid=10x20, physical=23x25, num_skus=4000, num_robots=20, num_ws=4
22:44:19 INFO: Warehouse initialized | 200 pods  (average number of skus per pod = 21.91), 4 workstations, 20 robots
22:44:19 INFO: [OptManager] Building time-space network ...
22:44:20 INFO: [OptManager] Network ready: 20400 nodes, 157086 travelling arcs, 20196 idle arcs.
22:44:20 INFO: 
=============================================
22:44:20 INFO:   START SIMULATION  {TIME HORIZON = 02:00:00}
22:44:20 INFO: Solving stage 1 ... 
22:44:20 INFO: 
[ls_stage1] Building initial solution ...
22:44:20 INFO: [ls_stage1] Feasible initial solution: obj = 132.0000
22:44:23 INFO: [ls_stage1] Iter 1 : Improved with move ('swap', 60, 96) → 130.0000
22:44:24 INFO: [ls_stage1] Iter 2 : No improvement
22:44:26 INFO: [ls_stage1] Iter 3 : Improved with move ('swap', 9, 59) → 129.0000
22:44:28 INFO: [ls_stage1] Iter 4 : Improved with move ('swap', 43, 79) → 128.0000
22:44:29 INFO: [ls_stage1] Iter 5 : No improvement
22:44:31 INFO: [ls_stage1] Iter 6 : No improvement
22:44:33 INFO: [ls_stage1] Iter 7 : No improvement
22:44:35 INFO: [ls_stage1] Iter 8 : No improvement
22:44:36 INFO: [ls_stage1] Converged after 5 iters without improvement
22:44:36 INFO: Stage 1 solved.
22:44:36 INFO: Solving stage 2 ... 
22:44:36 INFO: 
[ls_stage2] Building initial solution ...
22:45:51 INFO: [ls_stage2] Feasible initial solution: obj = 139.0380
22:47:09 INFO: [ls_stage2] Iter 1 : Improved with move ('swap', 81, 101) → 139.3860
22:48:27 INFO: [ls_stage2] Iter 2 : Improved with move ('item', 8, -5) → 139.5110
22:49:46 INFO: [ls_stage2] Iter 3 : Improved with move ('multi_item', (np.int64(104), np.int64(156), np.int64(182)), -4) → 139.6973
22:51:04 INFO: [ls_stage2] Iter 4 : Improved with move ('swap', 45, 102) → 140.3213
22:52:27 INFO: [ls_stage2] Iter 5 : Improved with move ('multi_item', (np.int64(26), np.int64(13), np.int64(95)), -4) → 140.4663
22:53:59 INFO: [ls_stage2] Iter 6 : Improved with move ('swap', 19, 102) → 140.8020
22:55:22 INFO: [ls_stage2] Iter 7 : Improved with move ('item', 135, -5) → 140.9370
22:56:40 INFO: [ls_stage2] Iter 8 : Improved with move ('multi_item', (np.int64(106), np.int64(136), np.int64(8)), -2) → 141.0680
22:57:58 INFO: [ls_stage2] Iter 9 : Improved with move ('swap', 25, 100) → 141.2097
22:59:16 INFO: [ls_stage2] Iter 10 : Improved with move ('item', 19, -5) → 141.3513
23:00:34 INFO: [ls_stage2] Iter 11 : Improved with move ('item', 22, -5) → 141.4613
23:01:53 INFO: [ls_stage2] Iter 12 : Improved with move ('item', 140, -5) → 141.5553
23:03:10 INFO: [ls_stage2] Iter 13 : Improved with move ('item', 47, -5) → 141.6870
23:04:29 INFO: [ls_stage2] Iter 14 : Improved with move ('multi_item', (np.int64(167), np.int64(42), np.int64(105)), -4) → 141.9030
23:05:46 INFO: [ls_stage2] Iter 15 : Improved with move ('item', 105, -5) → 142.0313
23:07:05 INFO: [ls_stage2] Iter 16 : Improved with move ('item', 120, -5) → 142.1547
23:08:23 INFO: [ls_stage2] Iter 17 : Improved with move ('item', 114, -5) → 142.2513
23:09:42 INFO: [ls_stage2] Iter 18 No improvement
23:09:42 INFO: [ls_stage2] Iter 19 No improvement
23:09:42 INFO: [ls_stage2] Iter 20 No improvement
23:09:42 INFO: [ls_stage2] Iter 21 No improvement
23:09:42 INFO: [ls_stage2] Converged after 5 iters without improvement
23:09:42 INFO: Stage 2 solved.
23:09:46 WARNING: Task designing ended. Optimizer designed 157 tasks.
23:09:46 INFO: Solving stage 1 ... 
23:09:46 INFO: 
[ls_stage1] Building initial solution ...
23:09:47 INFO: [ls_stage1] Feasible initial solution: obj = 94.0000
23:09:48 INFO: [ls_stage1] Iter 1 : Improved with move ('swap', 27, 42) → 93.0000
23:09:49 INFO: [ls_stage1] Iter 2 : Improved with move ('swap', 14, 51) → 92.0000
23:09:50 INFO: [ls_stage1] Iter 3 : Improved with move ('moveto', 54, 1) → 91.0000
23:09:51 INFO: [ls_stage1] Iter 4 : No improvement
23:09:52 INFO: [ls_stage1] Iter 5 : Improved with move ('swap', 38, 48) → 90.0000
23:09:53 INFO: [ls_stage1] Iter 6 : Improved with move ('swap', 19, 49) → 89.0000
23:09:54 INFO: [ls_stage1] Iter 7 : No improvement
23:09:55 INFO: [ls_stage1] Iter 8 : No improvement
23:09:56 INFO: [ls_stage1] Iter 9 : No improvement
23:09:57 INFO: [ls_stage1] Iter 10 : No improvement
23:09:58 INFO: [ls_stage1] Converged after 5 iters without improvement
23:09:58 INFO: Stage 1 solved.
23:09:58 INFO: Solving stage 2 ... 
23:09:58 INFO: 
[ls_stage2] Building initial solution ...
23:10:55 INFO: [ls_stage2] Feasible initial solution: obj = -93.3537
23:11:52 INFO: [ls_stage2] Iter 1 : Improved with move ('swap', 13, 48) → -88.3537
23:12:50 INFO: [ls_stage2] Iter 2 : Improved with move ('swap', 12, 60) → -81.7220
23:13:48 INFO: [ls_stage2] Iter 3 : Improved with move ('swap', 4, 53) → -76.1850
23:14:45 INFO: [ls_stage2] Iter 4 : Improved with move ('swap', 5, 31) → -74.3130
23:15:43 INFO: [ls_stage2] Iter 5 : Improved with move ('swap', 26, 40) → -72.6330
23:16:40 INFO: [ls_stage2] Iter 6 : Improved with move ('swap', 5, 32) → -70.8330
23:17:38 INFO: [ls_stage2] Iter 7 : Improved with move ('swap', 5, 50) → -68.0060
23:18:35 INFO: [ls_stage2] Iter 8 : Improved with move ('item', 2, -5) → -66.4460
23:19:33 INFO: [ls_stage2] Iter 9 : Improved with move ('item', 6, -5) → -64.9410
23:20:31 INFO: [ls_stage2] Iter 10 : Improved with move ('swap', 2, 56) → -60.5250
23:21:31 INFO: [ls_stage2] Iter 11 : Improved with move ('item', 17, -5) → -59.1383
23:22:30 INFO: [ls_stage2] Iter 12 : Improved with move ('item', 35, -5) → -57.9717
23:23:28 INFO: [ls_stage2] Iter 13 : Improved with move ('swap', 58, 27) → -55.7597
23:24:26 INFO: [ls_stage2] Iter 14 No improvement
23:25:23 INFO: [ls_stage2] Iter 15 : Improved with move ('item', 17, -2) → -55.2073
23:26:21 INFO: [ls_stage2] Iter 16 : Improved with move ('swap', 40, 50) → -53.9543
23:27:19 INFO: [ls_stage2] Iter 17 : Improved with move ('item', 37, -5) → -52.8227
23:28:17 INFO: [ls_stage2] Iter 18 : Improved with move ('item', 33, -5) → -51.6377
23:29:15 INFO: [ls_stage2] Iter 19 No improvement
23:30:12 INFO: [ls_stage2] Iter 20 No improvement
23:31:09 INFO: [ls_stage2] Iter 21 : Improved with move ('order', 5, -1) → -51.3257
23:32:07 INFO: [ls_stage2] Iter 22 : Improved with move ('multi_item', (np.int64(46), np.int64(64), np.int64(51)), -4) → -50.1503
23:33:04 INFO: [ls_stage2] Iter 23 : Improved with move ('swap', 46, 24) → -47.2757
23:34:02 INFO: [ls_stage2] Iter 24 : Improved with move ('item', 6, -5) → -45.7790
23:34:59 INFO: [ls_stage2] Iter 25 : Improved with move ('multi_item', (np.int64(49), np.int64(20), np.int64(50)), -4) → -44.5007
23:35:57 INFO: [ls_stage2] Iter 26 No improvement
23:35:57 INFO: [ls_stage2] Iter 27 No improvement
23:35:57 INFO: [ls_stage2] Iter 28 No improvement
23:35:58 INFO: [ls_stage2] Iter 29 No improvement
23:35:58 INFO: [ls_stage2] Converged after 5 iters without improvement
23:35:58 INFO: Stage 2 solved.
23:36:01 WARNING: Task designing ended. Optimizer designed 100 tasks.
23:36:01 INFO: Solving stage 1 ... 
23:36:01 INFO: 
[ls_stage1] Building initial solution ...
23:36:01 INFO: [ls_stage1] Feasible initial solution: obj = 77.0000
23:36:02 INFO: [ls_stage1] Iter 1 : Improved with move ('moveto', 3, 3) → 76.0000
23:36:03 INFO: [ls_stage1] Iter 2 : No improvement
23:36:04 INFO: [ls_stage1] Iter 3 : No improvement
23:36:05 INFO: [ls_stage1] Iter 4 : No improvement
23:36:05 INFO: [ls_stage1] Iter 5 : No improvement
23:36:06 INFO: [ls_stage1] Converged after 5 iters without improvement
23:36:06 INFO: Stage 1 solved.
23:36:06 INFO: Solving stage 2 ... 
23:36:06 INFO: 
[ls_stage2] Building initial solution ...
23:36:57 INFO: [ls_stage2] Feasible initial solution: obj = -45.9827
23:37:46 INFO: [ls_stage2] Iter 1 : Improved with move ('swap', 15, 37) → -43.0567
23:38:35 INFO: [ls_stage2] Iter 2 : Improved with move ('swap', 7, 29) → -40.4167
23:39:25 INFO: [ls_stage2] Iter 3 : Improved with move ('swap', 8, 38) → -38.6133
23:40:13 INFO: [ls_stage2] Iter 4 : Improved with move ('swap', 2, 9) → -37.1627
23:41:03 INFO: [ls_stage2] Iter 5 : Improved with move ('swap', 22, 36) → -35.2307
23:41:52 INFO: [ls_stage2] Iter 6 : Improved with move ('swap', 39, 10) → -34.0150
23:42:41 INFO: [ls_stage2] Iter 7 : Improved with move ('swap', 46, 17) → -32.2950
23:43:30 INFO: [ls_stage2] Iter 8 No improvement
23:44:19 INFO: [ls_stage2] Iter 9 : Improved with move ('order', 0, -3) → -31.4310
23:45:07 INFO: [ls_stage2] Iter 10 : Improved with move ('swap', 11, 35) → -29.9877
23:45:56 INFO: [ls_stage2] Iter 11 : Improved with move ('swap', 3, 28) → -26.1087
23:46:46 INFO: [ls_stage2] Iter 12 No improvement
23:46:46 INFO: [ls_stage2] Iter 13 No improvement
23:46:46 INFO: [ls_stage2] Iter 14 No improvement
23:46:46 INFO: [ls_stage2] Iter 15 No improvement
23:46:46 INFO: [ls_stage2] Converged after 5 iters without improvement
23:46:46 INFO: Stage 2 solved.
23:46:49 WARNING: Task designing ended. Optimizer designed 86 tasks.
23:46:49 INFO: Solving stage 1 ... 
23:46:49 INFO: 
[ls_stage1] Building initial solution ...
23:46:49 INFO: [ls_stage1] Feasible initial solution: obj = 77.0000
23:46:49 INFO: [ls_stage1] Iter 1 : Improved with move ('swap', 28, 41) → 75.0000
23:46:50 INFO: [ls_stage1] Iter 2 : Improved with move ('moveto', 19, 1) → 74.0000
23:46:51 INFO: [ls_stage1] Iter 3 : No improvement
23:46:52 INFO: [ls_stage1] Iter 4 : No improvement
23:46:53 INFO: [ls_stage1] Iter 5 : No improvement
23:46:54 INFO: [ls_stage1] Iter 6 : No improvement
23:46:55 INFO: [ls_stage1] Converged after 5 iters without improvement
23:46:55 INFO: Stage 1 solved.
23:46:55 INFO: Solving stage 2 ... 
23:46:55 INFO: 
[ls_stage2] Building initial solution ...
23:47:41 INFO: [ls_stage2] Feasible initial solution: obj = -8.2393
23:48:27 INFO: [ls_stage2] Iter 1 No improvement
23:48:27 INFO: [ls_stage2] Iter 2 No improvement
23:48:27 INFO: [ls_stage2] Iter 3 No improvement
23:48:27 INFO: [ls_stage2] Iter 4 No improvement
23:48:27 INFO: [ls_stage2] Converged after 5 iters without improvement
23:48:27 INFO: Stage 2 solved.
23:48:30 WARNING: Task designing ended. Optimizer designed 84 tasks.
23:48:30 INFO: Solving stage 1 ... 
23:48:30 INFO: 
[ls_stage1] Building initial solution ...
23:48:30 INFO: [ls_stage1] Feasible initial solution: obj = 71.0000
23:48:31 INFO: [ls_stage1] Iter 1 : Improved with move ('swap', 12, 43) → 70.0000
23:48:31 INFO: [ls_stage1] Iter 2 : No improvement
23:48:32 INFO: [ls_stage1] Iter 3 : No improvement
23:48:33 INFO: [ls_stage1] Iter 4 : No improvement
23:48:34 INFO: [ls_stage1] Iter 5 : No improvement
23:48:35 INFO: [ls_stage1] Converged after 5 iters without improvement
23:48:35 INFO: Stage 1 solved.
23:48:35 INFO: Solving stage 2 ... 
23:48:35 INFO: 
[ls_stage2] Building initial solution ...
23:49:19 INFO: [ls_stage2] Feasible initial solution: obj = -25.2747
23:50:04 INFO: [ls_stage2] Iter 1 No improvement
23:50:04 INFO: [ls_stage2] Iter 2 No improvement
23:50:04 INFO: [ls_stage2] Iter 3 No improvement
23:50:04 INFO: [ls_stage2] Iter 4 No improvement
23:50:04 INFO: [ls_stage2] Converged after 5 iters without improvement
23:50:04 INFO: Stage 2 solved.
23:50:06 WARNING: Task designing ended. Optimizer designed 75 tasks.
23:50:07 INFO: Solving stage 1 ... 
23:50:07 INFO: 
[ls_stage1] Building initial solution ...
23:50:07 INFO: [ls_stage1] Feasible initial solution: obj = 78.0000
23:50:07 INFO: [ls_stage1] Iter 1 : Improved with move ('swap', 10, 24) → 76.0000
23:50:08 INFO: [ls_stage1] Iter 2 : Improved with move ('swap', 32, 36) → 74.0000
23:50:09 INFO: [ls_stage1] Iter 3 : Improved with move ('swap', 15, 48) → 73.0000
23:50:10 INFO: [ls_stage1] Iter 4 : Improved with move ('swap', 12, 22) → 72.0000
23:50:11 INFO: [ls_stage1] Iter 5 : No improvement
23:50:12 INFO: [ls_stage1] Iter 6 : No improvement
23:50:12 INFO: [ls_stage1] Iter 7 : No improvement
23:50:13 INFO: [ls_stage1] Iter 8 : No improvement
23:50:14 INFO: [ls_stage1] Converged after 5 iters without improvement
23:50:14 INFO: Stage 1 solved.
23:50:14 INFO: Solving stage 2 ... 
23:50:14 INFO: 
[ls_stage2] Building initial solution ...
23:50:59 INFO: [ls_stage2] Feasible initial solution: obj = -20.2473
23:51:46 INFO: [ls_stage2] Iter 1 No improvement
23:52:31 INFO: [ls_stage2] Iter 2 No improvement
23:53:16 INFO: [ls_stage2] Iter 3 No improvement
23:53:16 INFO: [ls_stage2] Iter 4 No improvement
23:53:16 INFO: [ls_stage2] Converged after 5 iters without improvement
23:53:16 INFO: Stage 2 solved.
23:53:19 WARNING: Task designing ended. Optimizer designed 81 tasks.
23:53:19 INFO: Solving stage 1 ... 
23:53:19 INFO: 
[ls_stage1] Building initial solution ...
23:53:19 INFO: [ls_stage1] Feasible initial solution: obj = 83.0000
23:53:20 INFO: [ls_stage1] Iter 1 : Improved with move ('swap', 28, 38) → 81.0000
23:53:21 INFO: [ls_stage1] Iter 2 : Improved with move ('swap', 12, 19) → 79.0000
23:53:22 INFO: [ls_stage1] Iter 3 : Improved with move ('swap', 18, 29) → 78.0000
23:53:23 INFO: [ls_stage1] Iter 4 : Improved with move ('swap', 39, 44) → 77.0000
23:53:24 INFO: [ls_stage1] Iter 5 : Improved with move ('moveto', 5, 2) → 76.0000
23:53:24 INFO: [ls_stage1] Iter 6 : Improved with move ('swap', 3, 47) → 75.0000
23:53:25 INFO: [ls_stage1] Iter 7 : Improved with move ('repod', 68, 42) → 74.0000
23:53:26 INFO: [ls_stage1] Iter 8 : No improvement
23:53:27 INFO: [ls_stage1] Iter 9 : Improved with move ('swap', 14, 16) → 73.0000
23:53:28 INFO: [ls_stage1] Iter 10 : No improvement
23:53:29 INFO: [ls_stage1] Iter 11 : No improvement
23:53:29 INFO: [ls_stage1] Iter 12 : No improvement
23:53:30 INFO: [ls_stage1] Iter 13 : No improvement
23:53:31 INFO: [ls_stage1] Converged after 5 iters without improvement
23:53:31 INFO: Stage 1 solved.
23:53:31 INFO: Solving stage 2 ... 
23:53:31 INFO: 
[ls_stage2] Building initial solution ...
23:54:18 INFO: [ls_stage2] Feasible initial solution: obj = -32.9930
23:55:05 INFO: [ls_stage2] Iter 1 : Improved with move ('swap', 11, 48) → -29.6580
23:55:52 INFO: [ls_stage2] Iter 2 : Improved with move ('swap', 41, 12) → -26.1780
23:56:39 INFO: [ls_stage2] Iter 3 No improvement
23:56:40 INFO: [ls_stage2] Iter 4 No improvement
23:56:40 INFO: [ls_stage2] Iter 5 No improvement
23:56:40 INFO: [ls_stage2] Iter 6 No improvement
23:56:40 INFO: [ls_stage2] Converged after 5 iters without improvement
23:56:40 INFO: Stage 2 solved.
23:56:42 WARNING: Task designing ended. Optimizer designed 81 tasks.
23:56:42 INFO: Solving stage 1 ... 
23:56:42 INFO: 
[ls_stage1] Building initial solution ...
23:56:42 INFO: [ls_stage1] Feasible initial solution: obj = 75.0000
23:56:43 INFO: [ls_stage1] Iter 1 : Improved with move ('swap', 2, 17) → 74.0000
23:56:44 INFO: [ls_stage1] Iter 2 : Improved with move ('swap', 0, 36) → 73.0000
23:56:45 INFO: [ls_stage1] Iter 3 : Improved with move ('moveto', 12, 3) → 72.0000
23:56:46 INFO: [ls_stage1] Iter 4 : No improvement
23:56:47 INFO: [ls_stage1] Iter 5 : No improvement
23:56:47 INFO: [ls_stage1] Iter 6 : No improvement
23:56:48 INFO: [ls_stage1] Iter 7 : No improvement
23:56:49 INFO: [ls_stage1] Converged after 5 iters without improvement
23:56:49 INFO: Stage 1 solved.
23:56:49 INFO: Solving stage 2 ... 
23:56:49 INFO: 
[ls_stage2] Building initial solution ...
23:57:35 INFO: [ls_stage2] Feasible initial solution: obj = -33.4537
23:58:20 INFO: [ls_stage2] Iter 1 : Improved with move ('swap', 2, 43) → -29.5283
23:59:06 INFO: [ls_stage2] Iter 2 : Improved with move ('swap', 4, 40) → -26.7247
23:59:52 INFO: [ls_stage2] Iter 3 : Improved with move ('swap', 0, 32) → -23.4720
00:00:39 INFO: [ls_stage2] Iter 4 : Improved with move ('swap', 14, 49) → -20.5507
00:01:24 INFO: [ls_stage2] Iter 5 : Improved with move ('swap', 17, 29) → -18.9887
00:02:11 INFO: [ls_stage2] Iter 6 : Improved with move ('swap', 41, 22) → -17.2737
00:02:57 INFO: [ls_stage2] Iter 7 No improvement
00:02:57 INFO: [ls_stage2] Iter 8 No improvement
00:02:57 INFO: [ls_stage2] Iter 9 No improvement
00:02:57 INFO: [ls_stage2] Iter 10 No improvement
00:02:57 INFO: [ls_stage2] Converged after 5 iters without improvement
00:02:57 INFO: Stage 2 solved.
00:02:59 WARNING: Task designing ended. Optimizer designed 86 tasks.
00:02:59 INFO:   END SIMULATION.

00:02:59 INFO: Writing statistics report ...
00:02:59 INFO: Report saved to: c:\Users\chiod\Documents\Tesi_LM\Simulator\output\reports\Opt_True\report_7_OptTrue_Seed343310.txt
