23:05:36 INFO: Warehouse initialization | grid=10x10, physical=23x15, num_skus=2000, num_robots=20, num_ws=4
23:05:36 INFO: Warehouse initialized | 100 pods  (average number of skus per pod = 21.86), 4 workstations, 20 robots
23:05:36 INFO: [OptManager] Building time-space network ...
23:05:36 INFO: [OptManager] Network ready: 8320 nodes, 62764 travelling arcs, 8216 idle arcs.
23:05:36 INFO: 
=============================================
23:05:36 INFO:   START SIMULATION  {TIME HORIZON = 01:00:00}
23:05:36 INFO: Solving stage 1 ... 
23:05:36 INFO: 
[ls_stage1] Building initial solution ...
23:05:37 INFO: [ls_stage1] Feasible initial solution: obj = 102.0000
23:05:39 INFO: [ls_stage1] Iter 1 : Improved with move ('swap', 54, 88) → 100.0000
23:05:40 INFO: [ls_stage1] Iter 2 : Improved with move ('swap', 6, 49) → 99.0000
23:05:42 INFO: [ls_stage1] Iter 3 : Improved with move ('moveto', 108, 2) → 98.0000
23:05:43 INFO: [ls_stage1] Iter 4 : Improved with move ('swap', 15, 71) → 97.0000
23:05:45 INFO: [ls_stage1] Iter 5 : Improved with move ('moveto', 55, 2) → 96.0000
23:05:46 INFO: [ls_stage1] Iter 6 : Improved with move ('swap', 29, 66) → 95.0000
23:05:48 INFO: [ls_stage1] Iter 7 : Improved with move ('swap', 2, 89) → 94.0000
23:05:49 INFO: [ls_stage1] Iter 8 : Improved with move ('swap', 38, 84) → 93.0000
23:05:50 INFO: [ls_stage1] Iter 9 : Improved with move ('swap', 45, 105) → 92.0000
23:05:52 INFO: [ls_stage1] Iter 10 : No improvement
23:05:53 INFO: [ls_stage1] Iter 11 : Improved with move ('swap', 2, 69) → 91.0000
23:05:55 INFO: [ls_stage1] Iter 12 : No improvement
23:05:56 INFO: [ls_stage1] Iter 13 : Improved with move ('swap', 1, 67) → 90.0000
23:05:58 INFO: [ls_stage1] Iter 14 : No improvement
23:05:59 INFO: [ls_stage1] Iter 15 : No improvement
23:06:00 INFO: [ls_stage1] Iter 16 : No improvement
23:06:02 INFO: [ls_stage1] Iter 17 : No improvement
23:06:03 INFO: [ls_stage1] Converged after 5 iters without improvement
23:06:03 INFO: Stage 1 solved.
23:06:03 INFO: Solving stage 2 ... 
23:06:03 INFO: 
[ls_stage2] Building initial solution ...
23:06:24 INFO: [ls_stage2] violated = ['EC16']
23:06:46 INFO: [ls_stage2] Feasible initial solution: obj = -1703.8906
23:07:07 INFO: [ls_stage2] Iter 1 : Improved with move ('item', 136, -6) → -1698.0031
23:07:29 INFO: [ls_stage2] Iter 2 : Improved with move ('item', 82, -8) → -1690.1781
23:07:51 INFO: [ls_stage2] Iter 3 : Improved with move ('item', 57, -8) → -1682.3531
23:08:13 INFO: [ls_stage2] Iter 4 : Improved with move ('item', 51, -8) → -1675.5031
23:08:34 INFO: [ls_stage2] Iter 5 : Improved with move ('order', 20, -4) → -1670.5031
23:08:56 INFO: [ls_stage2] Iter 6 : Improved with move ('item', 54, -8) → -1663.7531
23:09:17 INFO: [ls_stage2] Iter 7 : Improved with move ('multi_item', (np.int64(73), np.int64(123), np.int64(44)), -5) → -1656.8531
23:09:39 INFO: [ls_stage2] Iter 8 : Improved with move ('item', 137, -8) → -1650.4031
23:10:00 INFO: [ls_stage2] Iter 9 : Improved with move ('item', 75, -6) → -1644.4656
23:10:22 INFO: [ls_stage2] Iter 10 : Improved with move ('item', 77, -8) → -1638.7156
23:10:44 INFO: [ls_stage2] Iter 11 : Improved with move ('item', 137, -8) → -1633.0656
23:11:06 INFO: [ls_stage2] Iter 12 : Improved with move ('multi_item', (np.int64(42), np.int64(136)), -5) → -1626.4406
23:11:28 INFO: [ls_stage2] Iter 13 : Improved with move ('item', 75, -8) → -1619.1906
23:11:50 INFO: [ls_stage2] Iter 14 : Improved with move ('item', 73, -8) → -1612.7406
23:12:11 INFO: [ls_stage2] Iter 15 : Improved with move ('item', 57, -8) → -1605.6906
23:12:32 INFO: [ls_stage2] Iter 16 : Improved with move ('item', 159, -6) → -1599.7531
23:12:54 INFO: [ls_stage2] Iter 17 : Improved with move ('item', 75, -8) → -1593.3031
23:13:15 INFO: [ls_stage2] Iter 18 : Improved with move ('multi_item', (np.int64(103), np.int64(88), np.int64(155)), -4) → -1587.6531
23:13:37 INFO: [ls_stage2] Iter 19 : Improved with move ('order', 41, -2) → -1582.6406
23:13:58 INFO: [ls_stage2] Iter 20 : Improved with move ('item', 159, -8) → -1575.3906
23:14:22 INFO: [ls_stage2] Iter 21 : Improved with move ('item', 75, -8) → -1569.7406
23:14:44 INFO: [ls_stage2] Iter 22 : Improved with move ('item', 74, -8) → -1564.4906
23:15:26 INFO: [ls_stage2] Iter 23 : Improved with move ('order', 67, -4) → -1560.6156
23:15:47 INFO: [ls_stage2] Iter 24 : Improved with move ('multi_item', (np.int64(154), np.int64(77)), -5) → -1553.5031
23:16:09 INFO: [ls_stage2] Iter 25 : Improved with move ('item', 126, -8) → -1546.4531
23:16:30 INFO: [ls_stage2] Iter 26 : Improved with move ('multi_item', (np.int64(77), np.int64(57)), -5) → -1539.5781
23:16:52 INFO: [ls_stage2] Iter 27 : Improved with move ('item', 51, -8) → -1533.5281
23:17:34 INFO: [ls_stage2] Iter 28 No improvement
23:17:54 INFO: [ls_stage2] Iter 29 : Improved with move ('order', 44, -1) → -1531.5281
23:18:38 INFO: [ls_stage2] Iter 30 : Improved with move ('item', 54, -6) → -1526.9906
