19:21:09 INFO: Warehouse initialization | grid=10x20, physical=23x25, num_skus=4000, num_robots=20, num_ws=4
19:21:09 INFO: Warehouse initialized | 200 pods  (average number of skus per pod = 21.91), 4 workstations, 20 robots
19:21:09 INFO: [OptManager] Building time-space network ...
19:21:09 INFO: [OptManager] Network ready: 16320 nodes, 123162 travelling arcs, 16116 idle arcs.
19:21:09 INFO: 
=============================================
19:21:09 INFO:   START SIMULATION  {TIME HORIZON = 01:00:00}
19:21:09 INFO: Solving stage 1 ... 
19:21:09 INFO: 
[ls_stage1] Building initial solution ...
19:23:31 INFO: [ls_stage1] Feasible initial solution: obj = 133.0000
19:23:33 INFO: [ls_stage1] Iter 1 : Improved with move ('swap', 1, 20) → 131.0000
19:23:35 INFO: [ls_stage1] Iter 2 : Improved with move ('swap', 16, 77) → 129.0000
19:23:37 INFO: [ls_stage1] Iter 3 : Improved with move ('swap', 12, 85) → 128.0000
19:23:39 INFO: [ls_stage1] Iter 4 : Improved with move ('moveto', 27, 1) → 127.0000
19:23:41 INFO: [ls_stage1] Iter 5 : No improvement
19:23:42 INFO: [ls_stage1] Iter 6 : No improvement
19:23:44 INFO: [ls_stage1] Iter 7 : No improvement
19:23:46 INFO: [ls_stage1] Iter 8 : Improved with move ('swap', 14, 93) → 126.0000
19:23:48 INFO: [ls_stage1] Iter 9 : No improvement
19:23:50 INFO: [ls_stage1] Iter 10 : No improvement
19:23:52 INFO: [ls_stage1] Iter 11 : No improvement
19:23:54 INFO: [ls_stage1] Iter 12 : No improvement
19:23:55 INFO: [ls_stage1] Converged after 5 iters without improvement
19:23:55 INFO: Stage 1 solved.
19:23:55 INFO: Solving stage 2 ... 
19:23:55 INFO: 
[ls_stage2] Building initial solution ...
19:25:03 INFO: [ls_stage2] Feasible initial solution: obj = -1660.1987
19:26:09 INFO: [ls_stage2] Iter 1 : Improved with move ('item', 51, -8) → -1652.6487
19:27:13 INFO: [ls_stage2] Iter 2 : Improved with move ('item', 93, -8) → -1644.8237
19:28:12 INFO: [ls_stage2] Iter 3 : Improved with move ('multi_item', (np.int64(167), np.int64(138), np.int64(157)), -5) → -1635.6987
19:29:11 INFO: [ls_stage2] Iter 4 : Improved with move ('item', 114, -8) → -1628.3487
19:30:09 INFO: [ls_stage2] Iter 5 : Improved with move ('item', 95, -8) → -1620.8987
19:31:07 INFO: [ls_stage2] Iter 6 : Improved with move ('item', 100, -8) → -1613.0737
19:32:06 INFO: [ls_stage2] Iter 7 : Improved with move ('multi_item', (np.int64(14), np.int64(27), np.int64(102)), -4) → -1604.9362
19:33:04 INFO: [ls_stage2] Iter 8 : Improved with move ('item', 95, -8) → -1598.2862
19:34:04 INFO: [ls_stage2] Iter 9 : Improved with move ('item', 93, -8) → -1591.2362
19:35:03 INFO: [ls_stage2] Iter 10 : Improved with move ('item', 51, -8) → -1584.4862
19:36:02 INFO: [ls_stage2] Iter 11 : Improved with move ('item', 36, -8) → -1576.6612
19:37:00 INFO: [ls_stage2] Iter 12 : Improved with move ('item', 27, -8) → -1569.2112
19:37:58 INFO: [ls_stage2] Iter 13 : Improved with move ('multi_item', (np.int64(95), np.int64(154), np.int64(62)), -5) → -1559.4612
19:38:57 INFO: [ls_stage2] Iter 14 : Improved with move ('item', 28, -8) → -1553.5112
19:39:55 INFO: [ls_stage2] Iter 15 : Improved with move ('item', 49, -6) → -1547.5737
19:40:53 INFO: [ls_stage2] Iter 16 : Improved with move ('item', 36, -8) → -1540.5237
19:41:51 INFO: [ls_stage2] Iter 17 : Improved with move ('item', 50, -8) → -1532.7737
19:42:50 INFO: [ls_stage2] Iter 18 : Improved with move ('multi_item', (np.int64(36), np.int64(68), np.int64(93)), -5) → -1524.6237
19:43:48 INFO: [ls_stage2] Iter 19 : Improved with move ('item', 163, -8) → -1516.7987
19:44:46 INFO: [ls_stage2] Iter 20 : Improved with move ('item', 100, -8) → -1509.7487
19:45:44 INFO: [ls_stage2] Iter 21 : Improved with move ('item', 49, -8) → -1502.4987
19:46:42 INFO: [ls_stage2] Iter 22 : Improved with move ('item', 154, -8) → -1495.1487
19:47:41 INFO: [ls_stage2] Iter 23 : Improved with move ('item', 163, -6) → -1489.7862
19:48:39 INFO: [ls_stage2] Iter 24 : Improved with move ('item', 36, -8) → -1484.0362
19:49:37 INFO: [ls_stage2] Iter 25 : Improved with move ('order', 91, -4) → -1477.0362
19:50:35 INFO: [ls_stage2] Iter 26 : Improved with move ('item', 50, -6) → -1471.7487
19:51:34 INFO: [ls_stage2] Iter 27 : Improved with move ('item', 27, -8) → -1465.0987
19:52:32 INFO: [ls_stage2] Iter 28 : Improved with move ('multi_item', (np.int64(67), np.int64(124), np.int64(18)), -5) → -1458.2237
19:53:31 INFO: [ls_stage2] Iter 29 : Improved with move ('item', 49, -8) → -1451.7737
19:55:26 INFO: [ls_stage2] Iter 30 No improvement
19:56:39 INFO: [ls_stage2] Iter 31 : Improved with move ('order', 13, -2) → -1448.7612
19:58:02 INFO: [ls_stage2] Iter 32 : Improved with move ('item', 154, -8) → -1442.2112
19:59:16 INFO: [ls_stage2] Iter 33 : Improved with move ('item', 93, -8) → -1436.4612
20:01:43 INFO: [ls_stage2] Iter 34 No improvement
20:01:43 INFO: [ls_stage2] Iter 35 No improvement
20:02:40 INFO: [ls_stage2] Converged after 3 iters without improvement
20:02:40 INFO: Stage 2 solved.
20:02:43 WARNING: Task designing ended. Optimizer designed 130 tasks.
20:02:43 INFO: Solving stage 1 ... 
20:02:43 INFO: 
[ls_stage1] Building initial solution ...
20:02:52 INFO: [ls_stage1] Feasible initial solution: obj = 133.0000
20:02:53 INFO: [ls_stage1] Iter 1 : Improved with move ('swap', 33, 96) → 131.0000
20:02:55 INFO: [ls_stage1] Iter 2 : Improved with move ('swap', 95, 104) → 129.0000
20:02:57 INFO: [ls_stage1] Iter 3 : Improved with move ('swap', 3, 29) → 127.0000
20:02:59 INFO: [ls_stage1] Iter 4 : Improved with move ('swap', 56, 79) → 126.0000
20:03:01 INFO: [ls_stage1] Iter 5 : Improved with move ('swap', 14, 46) → 125.0000
20:03:03 INFO: [ls_stage1] Iter 6 : Improved with move ('swap', 37, 58) → 124.0000
20:03:05 INFO: [ls_stage1] Iter 7 : No improvement
20:03:06 INFO: [ls_stage1] Iter 8 : Improved with move ('swap', 79, 92) → 123.0000
20:03:08 INFO: [ls_stage1] Iter 9 : No improvement
20:03:10 INFO: [ls_stage1] Iter 10 : Improved with move ('moveto', 106, 1) → 122.0000
20:03:12 INFO: [ls_stage1] Iter 11 : No improvement
20:03:14 INFO: [ls_stage1] Iter 12 : No improvement
20:03:16 INFO: [ls_stage1] Iter 13 : No improvement
20:03:17 INFO: [ls_stage1] Iter 14 : No improvement
20:03:19 INFO: [ls_stage1] Converged after 5 iters without improvement
20:03:19 INFO: Stage 1 solved.
20:03:19 INFO: Solving stage 2 ... 
20:03:19 INFO: 
[ls_stage2] Building initial solution ...
20:04:15 INFO: [ls_stage2] Feasible initial solution: obj = -2494.1719
20:05:12 INFO: [ls_stage2] Iter 1 : Improved with move ('swap', 37, 77) → -2486.5219
20:06:09 INFO: [ls_stage2] Iter 2 : Improved with move ('swap', 36, 101) → -2477.7469
20:07:06 INFO: [ls_stage2] Iter 3 : Improved with move ('swap', 56, 104) → -2468.9919
20:08:03 INFO: [ls_stage2] Iter 4 : Improved with move ('swap', 14, 98) → -2451.5094
20:09:01 INFO: [ls_stage2] Iter 5 : Improved with move ('swap', 30, 81) → -2433.3444
20:09:58 INFO: [ls_stage2] Iter 6 : Improved with move ('item', 10, -8) → -2426.0319
20:10:56 INFO: [ls_stage2] Iter 7 : Improved with move ('swap', 2, 30) → -2416.6931
20:11:53 INFO: [ls_stage2] Iter 8 : Improved with move ('swap', 15, 65) → -2407.4119
20:12:50 INFO: [ls_stage2] Iter 9 : Improved with move ('order', 13, -4) → -2399.9269
20:13:47 INFO: [ls_stage2] Iter 10 : Improved with move ('multi_item', (np.int64(57), np.int64(67), np.int64(74)), -5) → -2390.5150
20:14:44 INFO: [ls_stage2] Iter 11 : Improved with move ('item', 36, -8) → -2383.4200
20:16:37 INFO: [ls_stage2] Iter 12 : Improved with move ('item', 125, -6) → -2377.3712
20:17:34 INFO: [ls_stage2] Iter 13 : Improved with move ('item', 71, -8) → -2367.2662
20:18:31 INFO: [ls_stage2] Iter 14 : Improved with move ('swap', 51, 103) → -2358.1987
20:19:28 INFO: [ls_stage2] Iter 15 : Improved with move ('multi_item', (np.int64(55), np.int64(109), np.int64(9)), -5) → -2346.5300
20:20:25 INFO: [ls_stage2] Iter 16 : Improved with move ('item', 59, -8) → -2337.1650
20:21:21 INFO: [ls_stage2] Iter 17 : Improved with move ('item', 59, -8) → -2328.6000
20:22:19 INFO: [ls_stage2] Iter 18 : Improved with move ('item', 77, -8) → -2319.8200
20:23:15 INFO: [ls_stage2] Iter 19 : Improved with move ('multi_item', (np.int64(46), np.int64(68), np.int64(91)), -4) → -2312.0850
20:24:12 INFO: [ls_stage2] Iter 20 : Improved with move ('item', 35, -8) → -2302.1450
20:25:11 INFO: [ls_stage2] Iter 21 : Improved with move ('swap', 3, 54) → -2294.0669
20:26:07 INFO: [ls_stage2] Iter 22 : Improved with move ('multi_item', (np.int64(68), np.int64(108), np.int64(37)), -5) → -2286.9056
20:27:04 INFO: [ls_stage2] Iter 23 : Improved with move ('item', 28, -8) → -2278.9856
20:28:01 INFO: [ls_stage2] Iter 24 : Improved with move ('item', 125, -8) → -2271.6206
20:29:54 INFO: [ls_stage2] Iter 25 : Improved with move ('item', 150, -8) → -2264.9656
20:30:51 INFO: [ls_stage2] Iter 26 : Improved with move ('item', 59, -8) → -2257.2006
20:31:52 INFO: [ls_stage2] Iter 27 : Improved with move ('swap', 13, 92) → -2248.3131
20:33:08 INFO: [ls_stage2] Iter 28 : Improved with move ('item', 71, -8) → -2239.0081
20:34:23 INFO: [ls_stage2] Iter 29 : Improved with move ('item', 71, -8) → -2230.5031
20:35:35 INFO: [ls_stage2] Iter 30 : Improved with move ('multi_item', (np.int64(35), np.int64(125)), -4) → -2222.4506
20:36:53 INFO: [ls_stage2] Iter 31 : Improved with move ('item', 150, -8) → -2214.5956
20:38:03 INFO: [ls_stage2] Iter 32 : Improved with move ('item', 35, -8) → -2205.8556
20:39:05 INFO: [ls_stage2] Iter 33 : Improved with move ('item', 77, -8) → -2197.8756
20:40:07 INFO: [ls_stage2] Iter 34 : Improved with move ('item', 71, -8) → -2190.1706
20:41:07 INFO: [ls_stage2] Iter 35 : Improved with move ('item', 55, -8) → -2182.4706
20:42:08 INFO: [ls_stage2] Iter 36 : Improved with move ('multi_item', (np.int64(141), np.int64(74), np.int64(126)), -5) → -2174.3050
20:43:09 INFO: [ls_stage2] Iter 37 : Improved with move ('item', 45, -8) → -2165.5800
20:44:10 INFO: [ls_stage2] Iter 38 : Improved with move ('item', 76, -8) → -2157.7550
20:45:09 INFO: [ls_stage2] Iter 39 : Improved with move ('item', 45, -8) → -2149.8300
20:46:08 INFO: [ls_stage2] Iter 40 : Improved with move ('item', 59, -8) → -2142.8650
20:47:08 INFO: [ls_stage2] Iter 41 : Improved with move ('multi_item', (np.int64(59), np.int64(123), np.int64(86)), -5) → -2135.1956
20:48:07 INFO: [ls_stage2] Iter 42 : Improved with move ('swap', 16, 102) → -2126.0381
20:50:06 INFO: [ls_stage2] Iter 43 : Improved with move ('order', 7, -4) → -2120.0631
20:51:04 INFO: [ls_stage2] Iter 44 : Improved with move ('item', 35, -8) → -2112.1231
20:52:06 INFO: [ls_stage2] Iter 45 : Improved with move ('item', 77, -8) → -2104.9431
20:52:06 INFO: Stage 2 solved.
20:52:09 WARNING: Task designing ended. Optimizer designed 148 tasks.
20:52:09 INFO: Solving stage 1 ... 
20:52:09 INFO: 
[ls_stage1] Building initial solution ...
20:54:12 INFO: [ls_stage1] Feasible initial solution: obj = 138.0000
20:54:14 INFO: [ls_stage1] Iter 1 : Improved with move ('swap', 30, 88) → 137.0000
20:54:17 INFO: [ls_stage1] Iter 2 : Improved with move ('swap', 48, 77) → 136.0000
20:54:19 INFO: [ls_stage1] Iter 3 : Improved with move ('swap', 55, 74) → 135.0000
20:54:21 INFO: [ls_stage1] Iter 4 : Improved with move ('swap', 104, 110) → 134.0000
20:54:23 INFO: [ls_stage1] Iter 5 : Improved with move ('swap', 68, 90) → 133.0000
20:54:25 INFO: [ls_stage1] Iter 6 : Improved with move ('swap', 75, 98) → 132.0000
20:54:27 INFO: [ls_stage1] Iter 7 : Improved with move ('moveto', 48, 3) → 131.0000
20:54:29 INFO: [ls_stage1] Iter 8 : Improved with move ('swap', 31, 83) → 130.0000
20:54:31 INFO: [ls_stage1] Iter 9 : Improved with move ('moveto', 45, 2) → 129.0000
20:54:33 INFO: [ls_stage1] Iter 10 : Improved with move ('swap', 79, 89) → 128.0000
20:54:35 INFO: [ls_stage1] Iter 11 : Improved with move ('swap', 83, 90) → 127.0000
20:54:37 INFO: [ls_stage1] Iter 12 : Improved with move ('repod', 63, 116) → 126.0000
20:54:39 INFO: [ls_stage1] Iter 13 : No improvement
20:54:41 INFO: [ls_stage1] Iter 14 : No improvement
20:54:43 INFO: [ls_stage1] Iter 15 : No improvement
20:54:45 INFO: [ls_stage1] Iter 16 : No improvement
20:54:48 INFO: [ls_stage1] Converged after 5 iters without improvement
20:54:48 INFO: Stage 1 solved.
20:54:48 INFO: Solving stage 2 ... 
20:54:48 INFO: 
[ls_stage2] Building initial solution ...
20:55:48 INFO: [ls_stage2] violated = ['EC13']
20:56:49 INFO: [ls_stage2] violated = ['EC13']
20:57:51 INFO: [ls_stage2] violated = ['EC13']
20:58:52 INFO: [ls_stage2] violated = ['EC13']
20:59:52 INFO: [ls_stage2] violated = ['EC13']
21:00:54 INFO: [ls_stage2] violated = ['EC13']
21:01:56 INFO: [ls_stage2] violated = ['EC13']
21:02:55 INFO: [ls_stage2] violated = ['EC13']
21:03:57 INFO: [ls_stage2] violated = ['EC13']
21:04:58 INFO: [ls_stage2] violated = ['EC13']
21:05:58 INFO: [ls_stage2] violated = ['EC13']
21:07:01 INFO: [ls_stage2] violated = ['EC16']
21:08:06 INFO: [ls_stage2] Feasible initial solution: obj = -3268.0381
21:09:09 INFO: [ls_stage2] Iter 1 : Improved with move ('item', 67, -8) → -3257.4175
21:10:10 INFO: [ls_stage2] Iter 2 : Improved with move ('item', 97, -8) → -3247.5844
21:11:12 INFO: [ls_stage2] Iter 3 : Improved with move ('multi_item', (np.int64(157), np.int64(6), np.int64(127)), -4) → -3238.9869
21:12:13 INFO: [ls_stage2] Iter 4 : Improved with move ('swap', 3, 51) → -3211.4319
21:13:16 INFO: [ls_stage2] Iter 5 : Improved with move ('swap', 20, 68) → -3202.4194
21:14:17 INFO: [ls_stage2] Iter 6 : Improved with move ('swap', 24, 82) → -3190.2244
21:15:19 INFO: [ls_stage2] Iter 7 : Improved with move ('swap', 16, 107) → -3164.0056
21:17:21 INFO: [ls_stage2] Iter 8 : Improved with move ('multi_item', (np.int64(146), np.int64(133)), -4) → -3155.1450
21:18:24 INFO: [ls_stage2] Iter 9 : Improved with move ('swap', 12, 63) → -3134.4562
21:19:26 INFO: [ls_stage2] Iter 10 : Improved with move ('item', 11, -8) → -3122.5362
21:21:28 INFO: [ls_stage2] Iter 11 : Improved with move ('item', 67, -8) → -3112.2912
21:22:30 INFO: [ls_stage2] Iter 12 : Improved with move ('multi_item', (np.int64(126), np.int64(54)), -5) → -3102.8006
21:23:32 INFO: [ls_stage2] Iter 13 : Improved with move ('item', 176, -8) → -3094.7394
21:24:48 INFO: [ls_stage2] Iter 14 : Improved with move ('item', 88, -6) → -3087.1706
21:25:51 INFO: [ls_stage2] Iter 15 : Improved with move ('swap', 42, 109) → -3072.2531
21:27:01 INFO: [ls_stage2] Iter 16 : Improved with move ('item', 7, -8) → -3060.9081
21:28:06 INFO: [ls_stage2] Iter 17 : Improved with move ('swap', 1, 77) → -3049.8081
21:29:12 INFO: [ls_stage2] Iter 18 : Improved with move ('swap', 0, 104) → -3036.9956
21:30:20 INFO: [ls_stage2] Iter 19 : Improved with move ('item', 126, -8) → -3029.1256
21:31:30 INFO: [ls_stage2] Iter 20 : Improved with move ('item', 9, -8) → -3019.6356
21:32:34 INFO: [ls_stage2] Iter 21 : Improved with move ('swap', 5, 54) → -3010.3431
21:33:36 INFO: [ls_stage2] Iter 22 : Improved with move ('item', 13, -8) → -2998.2656
21:34:37 INFO: [ls_stage2] Iter 23 : Improved with move ('item', 67, -8) → -2988.8206
21:35:38 INFO: [ls_stage2] Iter 24 : Improved with move ('item', 11, -6) → -2979.9481
21:36:41 INFO: [ls_stage2] Iter 25 : Improved with move ('multi_item', (np.int64(86), np.int64(45), np.int64(153)), -5) → -2967.6100
21:37:42 INFO: [ls_stage2] Iter 26 : Improved with move ('item', 13, -8) → -2955.7000
21:38:44 INFO: [ls_stage2] Iter 27 : Improved with move ('item', 45, -8) → -2944.7050
21:39:46 INFO: [ls_stage2] Iter 28 : Improved with move ('item', 87, -6) → -2937.1081
21:40:47 INFO: [ls_stage2] Iter 29 : Improved with move ('multi_item', (np.int64(11), np.int64(111), np.int64(123)), -4) → -2926.7175
21:41:49 INFO: [ls_stage2] Iter 30 : Improved with move ('item', 45, -6) → -2918.9962
21:42:50 INFO: [ls_stage2] Iter 31 : Improved with move ('item', 88, -8) → -2909.1362
21:43:51 INFO: [ls_stage2] Iter 32 : Improved with move ('multi_item', (np.int64(67), np.int64(133), np.int64(84)), -5) → -2898.0737
21:44:52 INFO: [ls_stage2] Iter 33 : Improved with move ('item', 45, -8) → -2888.4787
21:46:54 INFO: [ls_stage2] Iter 34 : Improved with move ('item', 127, -6) → -2881.7850
21:47:54 INFO: [ls_stage2] Iter 35 : Improved with move ('multi_item', (np.int64(45), np.int64(9)), -5) → -2870.6694
21:48:57 INFO: [ls_stage2] Iter 36 : Improved with move ('multi_item', (np.int64(53), np.int64(45), np.int64(142)), -5) → -2860.1319
21:49:58 INFO: [ls_stage2] Iter 37 : Improved with move ('item', 97, -8) → -2850.7869
21:50:59 INFO: [ls_stage2] Iter 38 : Improved with move ('item', 88, -8) → -2841.7269
21:52:06 INFO: [ls_stage2] Iter 39 : Improved with move ('swap', 37, 112) → -2833.2362
21:53:16 INFO: [ls_stage2] Iter 40 : Improved with move ('item', 11, -8) → -2822.5062
21:55:24 INFO: [ls_stage2] Iter 41 : Improved with move ('swap', 33, 99) → -2814.8887
21:56:32 INFO: [ls_stage2] Iter 42 : Improved with move ('item', 111, -8) → -2805.5037
21:58:46 INFO: [ls_stage2] Iter 43 : Improved with move ('item', 127, -6) → -2799.2600
21:59:50 INFO: [ls_stage2] Iter 44 : Improved with move ('multi_item', (np.int64(145), np.int64(78)), -5) → -2790.4112
22:01:02 INFO: [ls_stage2] Iter 45 : Improved with move ('item', 11, -8) → -2780.4812
22:01:02 INFO: Stage 2 solved.
22:01:06 WARNING: Task designing ended. Optimizer designed 129 tasks.
22:01:06 INFO: Solving stage 1 ... 
22:01:06 INFO: 
[ls_stage1] Building initial solution ...
22:01:10 INFO: [ls_stage1] Feasible initial solution: obj = 146.0000
22:01:13 INFO: [ls_stage1] Iter 1 : Improved with move ('swap', 12, 91) → 144.0000
22:01:16 INFO: [ls_stage1] Iter 2 : Improved with move ('swap', 71, 79) → 142.0000
22:01:19 INFO: [ls_stage1] Iter 3 : Improved with move ('swap', 5, 80) → 140.0000
22:01:22 INFO: [ls_stage1] Iter 4 : Improved with move ('moveto', 93, 1) → 139.0000
22:01:25 INFO: [ls_stage1] Iter 5 : Improved with move ('swap', 52, 108) → 138.0000
22:01:27 INFO: [ls_stage1] Iter 6 : No improvement
22:01:30 INFO: [ls_stage1] Iter 7 : Improved with move ('moveto', 16, 2) → 137.0000
22:01:33 INFO: [ls_stage1] Iter 8 : Improved with move ('swap', 34, 87) → 136.0000
22:01:35 INFO: [ls_stage1] Iter 9 : Improved with move ('swap', 60, 63) → 135.0000
22:01:38 INFO: [ls_stage1] Iter 10 : No improvement
22:01:40 INFO: [ls_stage1] Iter 11 : No improvement
22:01:43 INFO: [ls_stage1] Iter 12 : No improvement
22:01:46 INFO: [ls_stage1] Iter 13 : Improved with move ('swap', 17, 113) → 134.0000
22:01:48 INFO: [ls_stage1] Iter 14 : No improvement
22:01:51 INFO: [ls_stage1] Iter 15 : No improvement
22:01:54 INFO: [ls_stage1] Iter 16 : No improvement
22:01:56 INFO: [ls_stage1] Iter 17 : No improvement
22:01:58 INFO: [ls_stage1] Converged after 5 iters without improvement
22:01:58 INFO: Stage 1 solved.
22:01:58 INFO: Solving stage 2 ... 
22:01:58 INFO: 
[ls_stage2] Building initial solution ...
22:03:12 INFO: [ls_stage2] Feasible initial solution: obj = -3146.1419
22:04:22 INFO: [ls_stage2] Iter 1 : Improved with move ('swap', 6, 71) → -3116.7944
22:05:29 INFO: [ls_stage2] Iter 2 : Improved with move ('swap', 22, 93) → -3099.2219
22:06:34 INFO: [ls_stage2] Iter 3 : Improved with move ('multi_item', (np.int64(97), np.int64(48), np.int64(56)), -5) → -3090.4812
22:07:37 INFO: [ls_stage2] Iter 4 : Improved with move ('order', 11, -4) → -3082.5744
22:08:40 INFO: [ls_stage2] Iter 5 : Improved with move ('swap', 5, 74) → -3039.1381
22:09:43 INFO: [ls_stage2] Iter 6 : Improved with move ('swap', 1, 109) → -3021.1481
22:10:48 INFO: [ls_stage2] Iter 7 : Improved with move ('swap', 11, 72) → -3000.4762
22:11:51 INFO: [ls_stage2] Iter 8 : Improved with move ('item', 59, -6) → -2991.9712
22:12:54 INFO: [ls_stage2] Iter 9 : Improved with move ('item', 152, -8) → -2983.6512
22:13:57 INFO: [ls_stage2] Iter 10 : Improved with move ('item', 59, -8) → -2973.0112
22:15:01 INFO: [ls_stage2] Iter 11 : Improved with move ('swap', 7, 68) → -2961.9931
22:16:04 INFO: [ls_stage2] Iter 12 : Improved with move ('item', 146, -6) → -2955.2119
22:17:07 INFO: [ls_stage2] Iter 13 : Improved with move ('item', 46, -8) → -2945.8569
22:18:10 INFO: [ls_stage2] Iter 14 : Improved with move ('swap', 2, 20) → -2937.0819
22:19:12 INFO: [ls_stage2] Iter 15 : Improved with move ('multi_item', (np.int64(123), np.int64(156), np.int64(40)), -4) → -2927.6775
22:20:15 INFO: [ls_stage2] Iter 16 : Improved with move ('item', 42, -8) → -2921.0875
22:21:17 INFO: [ls_stage2] Iter 17 : Improved with move ('multi_item', (np.int64(104), np.int64(77)), -5) → -2912.4250
22:22:20 INFO: [ls_stage2] Iter 18 : Improved with move ('item', 62, -8) → -2904.7750
22:23:23 INFO: [ls_stage2] Iter 19 : Improved with move ('item', 152, -8) → -2897.2550
22:24:25 INFO: [ls_stage2] Iter 20 : Improved with move ('item', 46, -8) → -2888.7000
22:25:28 INFO: [ls_stage2] Iter 21 : Improved with move ('swap', 52, 110) → -2881.1962
22:26:30 INFO: [ls_stage2] Iter 22 : Improved with move ('item', 62, -8) → -2874.3462
22:27:33 INFO: [ls_stage2] Iter 23 : Improved with move ('item', 44, -8) → -2864.7012
22:28:35 INFO: [ls_stage2] Iter 24 : Improved with move ('item', 131, -8) → -2855.5412
22:29:38 INFO: [ls_stage2] Iter 25 : Improved with move ('item', 104, -8) → -2848.7712
22:30:41 INFO: [ls_stage2] Iter 26 : Improved with move ('item', 146, -8) → -2840.1712
22:31:43 INFO: [ls_stage2] Iter 27 : Improved with move ('item', 59, -8) → -2830.3312
22:32:46 INFO: [ls_stage2] Iter 28 : Improved with move ('item', 101, -8) → -2820.6262
22:33:48 INFO: [ls_stage2] Iter 29 : Improved with move ('multi_item', (np.int64(30), np.int64(131), np.int64(109)), -5) → -2810.7625
22:34:51 INFO: [ls_stage2] Iter 30 : Improved with move ('item', 117, -8) → -2801.8975
22:35:53 INFO: [ls_stage2] Iter 31 : Improved with move ('item', 117, -8) → -2793.8325
22:36:56 INFO: [ls_stage2] Iter 32 : Improved with move ('item', 201, -8) → -2786.3625
22:37:59 INFO: [ls_stage2] Iter 33 : Improved with move ('item', 59, -8) → -2777.3225
22:39:04 INFO: [ls_stage2] Iter 34 : Improved with move ('item', 34, -8) → -2770.9306
22:40:07 INFO: [ls_stage2] Iter 35 : Improved with move ('item', 98, -8) → -2762.2356
22:41:10 INFO: [ls_stage2] Iter 36 : Improved with move ('item', 75, -8) → -2753.8006
22:42:12 INFO: [ls_stage2] Iter 37 : Improved with move ('swap', 54, 106) → -2746.4406
22:43:15 INFO: [ls_stage2] Iter 38 : Improved with move ('swap', 1, 54) → -2737.4756
22:44:18 INFO: [ls_stage2] Iter 39 : Improved with move ('multi_item', (np.int64(101), np.int64(156)), -5) → -2727.8569
22:45:22 INFO: [ls_stage2] Iter 40 : Improved with move ('item', 44, -8) → -2719.0119
22:46:24 INFO: [ls_stage2] Iter 41 : Improved with move ('item', 116, -8) → -2711.7019
22:47:27 INFO: [ls_stage2] Iter 42 : Improved with move ('swap', 12, 29) → -2703.0481
22:48:30 INFO: [ls_stage2] Iter 43 : Improved with move ('item', 58, -8) → -2694.8631
22:49:33 INFO: [ls_stage2] Iter 44 : Improved with move ('item', 101, -8) → -2686.4581
22:50:35 INFO: [ls_stage2] Iter 45 : Improved with move ('item', 146, -8) → -2678.6581
22:50:35 INFO: Stage 2 solved.
22:50:39 WARNING: Task designing ended. Optimizer designed 154 tasks.
22:50:39 INFO:   END SIMULATION.

22:50:39 INFO: Writing statistics report ...
22:50:39 INFO: Report saved to: c:\Users\chiod\Documents\Tesi_LM\Simulator\output\reports\Opt_True\report_9_OptTrue_Seed343310.txt
